GAS LISTING /tmp/ccun7GNb.s 			page 1


   1              		.file	"PeriodicThread.cpp"
   2              		.option pic
   3              		.option norelax
   4              		.text
   5              	.Ltext0:
   6              		.section	.text._ZN14PeriodicThread18periodicActivationEv,"axG",@progbits,_ZN14PeriodicThread18peri
   7              		.align	2
   8              		.weak	_ZN14PeriodicThread18periodicActivationEv
  10              	_ZN14PeriodicThread18periodicActivationEv:
  11              	.LFB1:
  12              		.file 1 "src/../h/syscall_cpp.hpp"
   1:src/../h/syscall_cpp.hpp **** //
   2:src/../h/syscall_cpp.hpp **** // Created by os on 9/14/22.
   3:src/../h/syscall_cpp.hpp **** //
   4:src/../h/syscall_cpp.hpp **** 
   5:src/../h/syscall_cpp.hpp **** #ifndef PROJECT_BASE_SYSCALL_CPP_HPP
   6:src/../h/syscall_cpp.hpp **** #define PROJECT_BASE_SYSCALL_CPP_HPP
   7:src/../h/syscall_cpp.hpp **** #include "syscall_c.h"
   8:src/../h/syscall_cpp.hpp **** //void* ::operator new (size_t);
   9:src/../h/syscall_cpp.hpp **** //void ::operator delete (void*);
  10:src/../h/syscall_cpp.hpp **** class Thread {
  11:src/../h/syscall_cpp.hpp **** public:
  12:src/../h/syscall_cpp.hpp ****     Thread (void (*body)(void*), void* arg);
  13:src/../h/syscall_cpp.hpp ****     virtual ~Thread ();
  14:src/../h/syscall_cpp.hpp ****     int start ();
  15:src/../h/syscall_cpp.hpp ****     static void dispatch ();
  16:src/../h/syscall_cpp.hpp ****     static int sleep (time_t);
  17:src/../h/syscall_cpp.hpp ****     static void wrapper(void*);
  18:src/../h/syscall_cpp.hpp **** protected:
  19:src/../h/syscall_cpp.hpp ****     Thread ();
  20:src/../h/syscall_cpp.hpp ****     virtual void run () {}
  21:src/../h/syscall_cpp.hpp **** private:
  22:src/../h/syscall_cpp.hpp ****     thread_t myHandle;
  23:src/../h/syscall_cpp.hpp **** };
  24:src/../h/syscall_cpp.hpp **** class Semaphore {
  25:src/../h/syscall_cpp.hpp **** public:
  26:src/../h/syscall_cpp.hpp ****     Semaphore (unsigned init = 1);
  27:src/../h/syscall_cpp.hpp ****     virtual ~Semaphore ();
  28:src/../h/syscall_cpp.hpp ****     int wait ();
  29:src/../h/syscall_cpp.hpp ****     int signal ();
  30:src/../h/syscall_cpp.hpp **** private:
  31:src/../h/syscall_cpp.hpp ****     sem_t myHandle;
  32:src/../h/syscall_cpp.hpp **** };
  33:src/../h/syscall_cpp.hpp **** class PeriodicThread : public Thread {
  34:src/../h/syscall_cpp.hpp **** private:
  35:src/../h/syscall_cpp.hpp ****     time_t  period;
  36:src/../h/syscall_cpp.hpp **** protected:
  37:src/../h/syscall_cpp.hpp ****     PeriodicThread (time_t period);
  38:src/../h/syscall_cpp.hpp ****     virtual void periodicActivation () {}
  13              		.loc 1 38 18
  14              		.cfi_startproc
  15              	.LVL0:
  16 0000 130101FF 		addi	sp,sp,-16
  17              		.cfi_def_cfa_offset 16
  18 0004 23348100 		sd	s0,8(sp)
  19              		.cfi_offset 8, -8
  20 0008 13040101 		addi	s0,sp,16
GAS LISTING /tmp/ccun7GNb.s 			page 2


  21              		.cfi_def_cfa 8, 0
  22              		.loc 1 38 41 is_stmt 0
  23 000c 03348100 		ld	s0,8(sp)
  24              		.cfi_restore 8
  25              		.cfi_def_cfa 2, 16
  26 0010 13010101 		addi	sp,sp,16
  27              		.cfi_def_cfa_offset 0
  28 0014 67800000 		jr	ra
  29              		.cfi_endproc
  30              	.LFE1:
  32              		.section	.text._ZN14PeriodicThread3runEv,"axG",@progbits,_ZN14PeriodicThread3runEv,comdat
  33              		.align	2
  34              		.weak	_ZN14PeriodicThread3runEv
  36              	_ZN14PeriodicThread3runEv:
  37              	.LFB2:
  39:src/../h/syscall_cpp.hpp ****     void run() override {
  38              		.loc 1 39 10 is_stmt 1
  39              		.cfi_startproc
  40              	.LVL1:
  41 0000 130101FE 		addi	sp,sp,-32
  42              		.cfi_def_cfa_offset 32
  43 0004 233C1100 		sd	ra,24(sp)
  44 0008 23388100 		sd	s0,16(sp)
  45 000c 23349100 		sd	s1,8(sp)
  46              		.cfi_offset 1, -8
  47              		.cfi_offset 8, -16
  48              		.cfi_offset 9, -24
  49 0010 13040102 		addi	s0,sp,32
  50              		.cfi_def_cfa 8, 0
  51 0014 93040500 		mv	s1,a0
  52              	.LVL2:
  53              	.L4:
  40:src/../h/syscall_cpp.hpp ****         while (true) {
  54              		.loc 1 40 9 discriminator 1
  41:src/../h/syscall_cpp.hpp ****             periodicActivation();
  55              		.loc 1 41 13 discriminator 1
  56              		.loc 1 41 32 is_stmt 0 discriminator 1
  57 0018 83B70400 		ld	a5,0(s1)
  58 001c 83B78701 		ld	a5,24(a5)
  59              		.loc 1 41 31 discriminator 1
  60 0020 13850400 		mv	a0,s1
  61 0024 E7800700 		jalr	a5
  62              	.LVL3:
  42:src/../h/syscall_cpp.hpp ****             time_sleep(this->period);
  63              		.loc 1 42 13 is_stmt 1 discriminator 1
  64              		.loc 1 42 23 is_stmt 0 discriminator 1
  65 0028 03B50401 		ld	a0,16(s1)
  66 002c 97000000 		call	_Z10time_sleepm@plt
  66      E7800000 
  67              	.LVL4:
  40:src/../h/syscall_cpp.hpp ****         while (true) {
  68              		.loc 1 40 9 is_stmt 1 discriminator 1
  69 0034 6FF05FFE 		j	.L4
  70              		.cfi_endproc
  71              	.LFE2:
  73              		.section	.text._ZN14PeriodicThreadD2Ev,"axG",@progbits,_ZN14PeriodicThreadD5Ev,comdat
  74              		.align	2
GAS LISTING /tmp/ccun7GNb.s 			page 3


  75              		.weak	_ZN14PeriodicThreadD2Ev
  77              	_ZN14PeriodicThreadD2Ev:
  78              	.LFB7:
  33:src/../h/syscall_cpp.hpp **** private:
  79              		.loc 1 33 7
  80              		.cfi_startproc
  81              	.LVL5:
  82 0000 130101FF 		addi	sp,sp,-16
  83              		.cfi_def_cfa_offset 16
  84 0004 23341100 		sd	ra,8(sp)
  85 0008 23308100 		sd	s0,0(sp)
  86              		.cfi_offset 1, -8
  87              		.cfi_offset 8, -16
  88 000c 13040101 		addi	s0,sp,16
  89              		.cfi_def_cfa 8, 0
  90              	.LBB5:
  33:src/../h/syscall_cpp.hpp **** private:
  91              		.loc 1 33 7 is_stmt 0
  92 0010 97070000 		lla	a5,_ZTV14PeriodicThread+16
  92      93870700 
  93 0018 2330F500 		sd	a5,0(a0)
  94 001c 97000000 		call	_ZN6ThreadD2Ev@plt
  94      E7800000 
  95              	.LVL6:
  96              	.LBE5:
  97 0024 83308100 		ld	ra,8(sp)
  98              		.cfi_restore 1
  99 0028 03340100 		ld	s0,0(sp)
 100              		.cfi_restore 8
 101              		.cfi_def_cfa 2, 16
 102 002c 13010101 		addi	sp,sp,16
 103              		.cfi_def_cfa_offset 0
 104 0030 67800000 		jr	ra
 105              		.cfi_endproc
 106              	.LFE7:
 108              		.weak	_ZN14PeriodicThreadD1Ev
 109              		.set	_ZN14PeriodicThreadD1Ev,_ZN14PeriodicThreadD2Ev
 110              		.section	.text._ZN14PeriodicThreadD0Ev,"axG",@progbits,_ZN14PeriodicThreadD5Ev,comdat
 111              		.align	2
 112              		.weak	_ZN14PeriodicThreadD0Ev
 114              	_ZN14PeriodicThreadD0Ev:
 115              	.LFB9:
  33:src/../h/syscall_cpp.hpp **** private:
 116              		.loc 1 33 7 is_stmt 1
 117              		.cfi_startproc
 118              	.LVL7:
 119 0000 130101FE 		addi	sp,sp,-32
 120              		.cfi_def_cfa_offset 32
 121 0004 233C1100 		sd	ra,24(sp)
 122 0008 23388100 		sd	s0,16(sp)
 123 000c 23349100 		sd	s1,8(sp)
 124              		.cfi_offset 1, -8
 125              		.cfi_offset 8, -16
 126              		.cfi_offset 9, -24
 127 0010 13040102 		addi	s0,sp,32
 128              		.cfi_def_cfa 8, 0
 129 0014 93040500 		mv	s1,a0
GAS LISTING /tmp/ccun7GNb.s 			page 4


 130              	.LVL8:
 131              	.LBB6:
 132              	.LBB7:
  33:src/../h/syscall_cpp.hpp **** private:
 133              		.loc 1 33 7 is_stmt 0
 134 0018 97070000 		lla	a5,_ZTV14PeriodicThread+16
 134      93870700 
 135 0020 2330F500 		sd	a5,0(a0)
 136 0024 97000000 		call	_ZN6ThreadD2Ev@plt
 136      E7800000 
 137              	.LVL9:
 138              	.LBE7:
 139              	.LBE6:
 140 002c 13850400 		mv	a0,s1
 141 0030 97000000 		call	_ZdlPv@plt
 141      E7800000 
 142              	.LVL10:
 143 0038 83308101 		ld	ra,24(sp)
 144              		.cfi_restore 1
 145 003c 03340101 		ld	s0,16(sp)
 146              		.cfi_restore 8
 147              		.cfi_def_cfa 2, 32
 148 0040 83348100 		ld	s1,8(sp)
 149              		.cfi_restore 9
 150              	.LVL11:
 151 0044 13010102 		addi	sp,sp,32
 152              		.cfi_def_cfa_offset 0
 153 0048 67800000 		jr	ra
 154              		.cfi_endproc
 155              	.LFE9:
 157              		.text
 158              		.align	2
 159              		.globl	_ZN14PeriodicThreadC2Em
 161              	_ZN14PeriodicThreadC2Em:
 162              	.LFB4:
 163              		.file 2 "src/PeriodicThread.cpp"
   1:src/PeriodicThread.cpp **** //
   2:src/PeriodicThread.cpp **** // Created by os on 9/15/22.
   3:src/PeriodicThread.cpp **** //
   4:src/PeriodicThread.cpp **** //
   5:src/PeriodicThread.cpp **** #include "../h/syscall_cpp.hpp"
   6:src/PeriodicThread.cpp **** 
   7:src/PeriodicThread.cpp **** PeriodicThread::PeriodicThread(time_t period) : Thread(){
 164              		.loc 2 7 1 is_stmt 1
 165              		.cfi_startproc
 166              	.LVL12:
 167 0000 130101FE 		addi	sp,sp,-32
 168              		.cfi_def_cfa_offset 32
 169 0004 233C1100 		sd	ra,24(sp)
 170 0008 23388100 		sd	s0,16(sp)
 171 000c 23349100 		sd	s1,8(sp)
 172 0010 23302101 		sd	s2,0(sp)
 173              		.cfi_offset 1, -8
 174              		.cfi_offset 8, -16
 175              		.cfi_offset 9, -24
 176              		.cfi_offset 18, -32
 177 0014 13040102 		addi	s0,sp,32
GAS LISTING /tmp/ccun7GNb.s 			page 5


 178              		.cfi_def_cfa 8, 0
 179 0018 93040500 		mv	s1,a0
 180 001c 13890500 		mv	s2,a1
 181              	.LBB8:
 182              		.loc 2 7 56 is_stmt 0
 183 0020 97000000 		call	_ZN6ThreadC2Ev@plt
 183      E7800000 
 184              	.LVL13:
 185 0028 97070000 		lla	a5,_ZTV14PeriodicThread+16
 185      93870700 
 186 0030 23B0F400 		sd	a5,0(s1)
   8:src/PeriodicThread.cpp **** 
   9:src/PeriodicThread.cpp ****     this->period = period;
 187              		.loc 2 9 5 is_stmt 1
 188              		.loc 2 9 18 is_stmt 0
 189 0034 23B82401 		sd	s2,16(s1)
 190              	.LBE8:
  10:src/PeriodicThread.cpp **** }
 191              		.loc 2 10 1
 192 0038 83308101 		ld	ra,24(sp)
 193              		.cfi_restore 1
 194 003c 03340101 		ld	s0,16(sp)
 195              		.cfi_restore 8
 196              		.cfi_def_cfa 2, 32
 197 0040 83348100 		ld	s1,8(sp)
 198              		.cfi_restore 9
 199              	.LVL14:
 200 0044 03390100 		ld	s2,0(sp)
 201              		.cfi_restore 18
 202              	.LVL15:
 203 0048 13010102 		addi	sp,sp,32
 204              		.cfi_def_cfa_offset 0
 205 004c 67800000 		jr	ra
 206              		.cfi_endproc
 207              	.LFE4:
 209              		.globl	_ZN14PeriodicThreadC1Em
 210              		.set	_ZN14PeriodicThreadC1Em,_ZN14PeriodicThreadC2Em
 211              		.weak	_ZTV14PeriodicThread
 212              		.section	.data.rel.ro.local._ZTV14PeriodicThread,"awG",@progbits,_ZTV14PeriodicThread,comdat
 213              		.align	3
 216              	_ZTV14PeriodicThread:
 217 0000 00000000 		.dword	0
 217      00000000 
 218 0008 00000000 		.dword	0
 218      00000000 
 219 0010 00000000 		.dword	_ZN14PeriodicThreadD1Ev
 219      00000000 
 220 0018 00000000 		.dword	_ZN14PeriodicThreadD0Ev
 220      00000000 
 221 0020 00000000 		.dword	_ZN14PeriodicThread3runEv
 221      00000000 
 222 0028 00000000 		.dword	_ZN14PeriodicThread18periodicActivationEv
 222      00000000 
 223              		.text
 224              	.Letext0:
 225              		.file 3 "src/../h/../lib/hw.h"
 226              		.file 4 "src/../h/syscall_c.h"
GAS LISTING /tmp/ccun7GNb.s 			page 6


GAS LISTING /tmp/ccun7GNb.s 			page 7


DEFINED SYMBOLS
                            *ABS*:0000000000000000 PeriodicThread.cpp
     /tmp/ccun7GNb.s:10     .text._ZN14PeriodicThread18periodicActivationEv:0000000000000000 _ZN14PeriodicThread18periodicActivationEv
     /tmp/ccun7GNb.s:14     .text._ZN14PeriodicThread18periodicActivationEv:0000000000000000 .L0 
     /tmp/ccun7GNb.s:16     .text._ZN14PeriodicThread18periodicActivationEv:0000000000000000 .L0 
     /tmp/ccun7GNb.s:17     .text._ZN14PeriodicThread18periodicActivationEv:0000000000000004 .L0 
     /tmp/ccun7GNb.s:19     .text._ZN14PeriodicThread18periodicActivationEv:0000000000000008 .L0 
     /tmp/ccun7GNb.s:21     .text._ZN14PeriodicThread18periodicActivationEv:000000000000000c .L0 
     /tmp/ccun7GNb.s:23     .text._ZN14PeriodicThread18periodicActivationEv:000000000000000c .L0 
     /tmp/ccun7GNb.s:24     .text._ZN14PeriodicThread18periodicActivationEv:0000000000000010 .L0 
     /tmp/ccun7GNb.s:25     .text._ZN14PeriodicThread18periodicActivationEv:0000000000000010 .L0 
     /tmp/ccun7GNb.s:27     .text._ZN14PeriodicThread18periodicActivationEv:0000000000000014 .L0 
     /tmp/ccun7GNb.s:29     .text._ZN14PeriodicThread18periodicActivationEv:0000000000000018 .L0 
     /tmp/ccun7GNb.s:36     .text._ZN14PeriodicThread3runEv:0000000000000000 _ZN14PeriodicThread3runEv
     /tmp/ccun7GNb.s:39     .text._ZN14PeriodicThread3runEv:0000000000000000 .L0 
     /tmp/ccun7GNb.s:41     .text._ZN14PeriodicThread3runEv:0000000000000000 .L0 
     /tmp/ccun7GNb.s:42     .text._ZN14PeriodicThread3runEv:0000000000000004 .L0 
     /tmp/ccun7GNb.s:46     .text._ZN14PeriodicThread3runEv:0000000000000010 .L0 
     /tmp/ccun7GNb.s:47     .text._ZN14PeriodicThread3runEv:0000000000000010 .L0 
     /tmp/ccun7GNb.s:48     .text._ZN14PeriodicThread3runEv:0000000000000010 .L0 
     /tmp/ccun7GNb.s:50     .text._ZN14PeriodicThread3runEv:0000000000000014 .L0 
     /tmp/ccun7GNb.s:55     .text._ZN14PeriodicThread3runEv:0000000000000018 .L0 
     /tmp/ccun7GNb.s:56     .text._ZN14PeriodicThread3runEv:0000000000000018 .L0 
     /tmp/ccun7GNb.s:57     .text._ZN14PeriodicThread3runEv:0000000000000018 .L0 
     /tmp/ccun7GNb.s:60     .text._ZN14PeriodicThread3runEv:0000000000000020 .L0 
     /tmp/ccun7GNb.s:64     .text._ZN14PeriodicThread3runEv:0000000000000028 .L0 
     /tmp/ccun7GNb.s:65     .text._ZN14PeriodicThread3runEv:0000000000000028 .L0 
     /tmp/ccun7GNb.s:69     .text._ZN14PeriodicThread3runEv:0000000000000034 .L0 
     /tmp/ccun7GNb.s:70     .text._ZN14PeriodicThread3runEv:0000000000000038 .L0 
     /tmp/ccun7GNb.s:77     .text._ZN14PeriodicThreadD2Ev:0000000000000000 _ZN14PeriodicThreadD2Ev
     /tmp/ccun7GNb.s:80     .text._ZN14PeriodicThreadD2Ev:0000000000000000 .L0 
     /tmp/ccun7GNb.s:82     .text._ZN14PeriodicThreadD2Ev:0000000000000000 .L0 
     /tmp/ccun7GNb.s:83     .text._ZN14PeriodicThreadD2Ev:0000000000000004 .L0 
     /tmp/ccun7GNb.s:86     .text._ZN14PeriodicThreadD2Ev:000000000000000c .L0 
     /tmp/ccun7GNb.s:87     .text._ZN14PeriodicThreadD2Ev:000000000000000c .L0 
     /tmp/ccun7GNb.s:89     .text._ZN14PeriodicThreadD2Ev:0000000000000010 .L0 
     /tmp/ccun7GNb.s:216    .data.rel.ro.local._ZTV14PeriodicThread:0000000000000000 _ZTV14PeriodicThread
     /tmp/ccun7GNb.s:92     .text._ZN14PeriodicThreadD2Ev:0000000000000010 .L0 
     /tmp/ccun7GNb.s:98     .text._ZN14PeriodicThreadD2Ev:0000000000000028 .L0 
     /tmp/ccun7GNb.s:100    .text._ZN14PeriodicThreadD2Ev:000000000000002c .L0 
     /tmp/ccun7GNb.s:101    .text._ZN14PeriodicThreadD2Ev:000000000000002c .L0 
     /tmp/ccun7GNb.s:103    .text._ZN14PeriodicThreadD2Ev:0000000000000030 .L0 
     /tmp/ccun7GNb.s:105    .text._ZN14PeriodicThreadD2Ev:0000000000000034 .L0 
     /tmp/ccun7GNb.s:77     .text._ZN14PeriodicThreadD2Ev:0000000000000000 _ZN14PeriodicThreadD1Ev
     /tmp/ccun7GNb.s:114    .text._ZN14PeriodicThreadD0Ev:0000000000000000 _ZN14PeriodicThreadD0Ev
     /tmp/ccun7GNb.s:117    .text._ZN14PeriodicThreadD0Ev:0000000000000000 .L0 
     /tmp/ccun7GNb.s:119    .text._ZN14PeriodicThreadD0Ev:0000000000000000 .L0 
     /tmp/ccun7GNb.s:120    .text._ZN14PeriodicThreadD0Ev:0000000000000004 .L0 
     /tmp/ccun7GNb.s:124    .text._ZN14PeriodicThreadD0Ev:0000000000000010 .L0 
     /tmp/ccun7GNb.s:125    .text._ZN14PeriodicThreadD0Ev:0000000000000010 .L0 
     /tmp/ccun7GNb.s:126    .text._ZN14PeriodicThreadD0Ev:0000000000000010 .L0 
     /tmp/ccun7GNb.s:128    .text._ZN14PeriodicThreadD0Ev:0000000000000014 .L0 
     /tmp/ccun7GNb.s:134    .text._ZN14PeriodicThreadD0Ev:0000000000000018 .L0 
     /tmp/ccun7GNb.s:144    .text._ZN14PeriodicThreadD0Ev:000000000000003c .L0 
     /tmp/ccun7GNb.s:146    .text._ZN14PeriodicThreadD0Ev:0000000000000040 .L0 
     /tmp/ccun7GNb.s:147    .text._ZN14PeriodicThreadD0Ev:0000000000000040 .L0 
     /tmp/ccun7GNb.s:149    .text._ZN14PeriodicThreadD0Ev:0000000000000044 .L0 
GAS LISTING /tmp/ccun7GNb.s 			page 8


     /tmp/ccun7GNb.s:152    .text._ZN14PeriodicThreadD0Ev:0000000000000048 .L0 
     /tmp/ccun7GNb.s:154    .text._ZN14PeriodicThreadD0Ev:000000000000004c .L0 
     /tmp/ccun7GNb.s:161    .text:0000000000000000 _ZN14PeriodicThreadC2Em
     /tmp/ccun7GNb.s:165    .text:0000000000000000 .L0 
     /tmp/ccun7GNb.s:167    .text:0000000000000000 .L0 
     /tmp/ccun7GNb.s:168    .text:0000000000000004 .L0 
     /tmp/ccun7GNb.s:173    .text:0000000000000014 .L0 
     /tmp/ccun7GNb.s:174    .text:0000000000000014 .L0 
     /tmp/ccun7GNb.s:175    .text:0000000000000014 .L0 
     /tmp/ccun7GNb.s:176    .text:0000000000000014 .L0 
     /tmp/ccun7GNb.s:178    .text:0000000000000018 .L0 
     /tmp/ccun7GNb.s:183    .text:0000000000000020 .L0 
     /tmp/ccun7GNb.s:188    .text:0000000000000034 .L0 
     /tmp/ccun7GNb.s:189    .text:0000000000000034 .L0 
     /tmp/ccun7GNb.s:192    .text:0000000000000038 .L0 
     /tmp/ccun7GNb.s:193    .text:000000000000003c .L0 
     /tmp/ccun7GNb.s:195    .text:0000000000000040 .L0 
     /tmp/ccun7GNb.s:196    .text:0000000000000040 .L0 
     /tmp/ccun7GNb.s:198    .text:0000000000000044 .L0 
     /tmp/ccun7GNb.s:201    .text:0000000000000048 .L0 
     /tmp/ccun7GNb.s:204    .text:000000000000004c .L0 
     /tmp/ccun7GNb.s:206    .text:0000000000000050 .L0 
     /tmp/ccun7GNb.s:161    .text:0000000000000000 _ZN14PeriodicThreadC1Em
     /tmp/ccun7GNb.s:32     .text._ZN14PeriodicThread18periodicActivationEv:0000000000000018 .L0 
     /tmp/ccun7GNb.s:73     .text._ZN14PeriodicThread3runEv:0000000000000038 .L0 
     /tmp/ccun7GNb.s:110    .text._ZN14PeriodicThreadD2Ev:0000000000000034 .L0 
     /tmp/ccun7GNb.s:157    .text._ZN14PeriodicThreadD0Ev:000000000000004c .L0 
     /tmp/ccun7GNb.s:227    .text:0000000000000050 .L0 
     /tmp/ccun7GNb.s:185    .text:0000000000000028 .L0 
     /tmp/ccun7GNb.s:53     .text._ZN14PeriodicThread3runEv:0000000000000018 .L4
     /tmp/ccun7GNb.s:92     .text._ZN14PeriodicThreadD2Ev:0000000000000010 .L0 
     /tmp/ccun7GNb.s:134    .text._ZN14PeriodicThreadD0Ev:0000000000000018 .L0 
     /tmp/ccun7GNb.s:662    .debug_abbrev:0000000000000000 .Ldebug_abbrev0
     /tmp/ccun7GNb.s:1433   .debug_str:000000000000019d .LASF28
     /tmp/ccun7GNb.s:1389   .debug_str:0000000000000000 .LASF29
     /tmp/ccun7GNb.s:1453   .debug_str:00000000000002e3 .LASF30
     /tmp/ccun7GNb.s:1373   .debug_ranges:0000000000000000 .Ldebug_ranges0
     /tmp/ccun7GNb.s:1387   .debug_line:0000000000000000 .Ldebug_line0
     /tmp/ccun7GNb.s:1437   .debug_str:0000000000000279 .LASF0
     /tmp/ccun7GNb.s:1423   .debug_str:0000000000000122 .LASF1
     /tmp/ccun7GNb.s:1417   .debug_str:00000000000000fd .LASF2
     /tmp/ccun7GNb.s:1401   .debug_str:000000000000005e .LASF4
     /tmp/ccun7GNb.s:1421   .debug_str:0000000000000110 .LASF3
     /tmp/ccun7GNb.s:1393   .debug_str:000000000000002a .LASF5
     /tmp/ccun7GNb.s:1447   .debug_str:00000000000002b6 .LASF6
     /tmp/ccun7GNb.s:1391   .debug_str:0000000000000017 .LASF7
     /tmp/ccun7GNb.s:1411   .debug_str:00000000000000c1 .LASF8
     /tmp/ccun7GNb.s:1449   .debug_str:00000000000002bd .LASF9
     /tmp/ccun7GNb.s:1397   .debug_str:0000000000000049 .LASF10
     /tmp/ccun7GNb.s:1471   .debug_str:0000000000000370 .LASF11
     /tmp/ccun7GNb.s:1413   .debug_str:00000000000000d4 .LASF12
     /tmp/ccun7GNb.s:1465   .debug_str:0000000000000352 .LASF13
     /tmp/ccun7GNb.s:1445   .debug_str:00000000000002a6 .LASF14
     /tmp/ccun7GNb.s:1425   .debug_str:0000000000000135 .LASF15
     /tmp/ccun7GNb.s:1409   .debug_str:00000000000000ab .LASF16
     /tmp/ccun7GNb.s:1451   .debug_str:00000000000002cd .LASF17
     /tmp/ccun7GNb.s:1443   .debug_str:00000000000002a1 .LASF18
GAS LISTING /tmp/ccun7GNb.s 			page 9


     /tmp/ccun7GNb.s:1463   .debug_str:0000000000000343 .LASF19
     /tmp/ccun7GNb.s:1431   .debug_str:0000000000000183 .LASF20
     /tmp/ccun7GNb.s:1403   .debug_str:0000000000000065 .LASF21
     /tmp/ccun7GNb.s:1399   .debug_str:0000000000000057 .LASF31
     /tmp/ccun7GNb.s:1405   .debug_str:0000000000000080 .LASF32
     /tmp/ccun7GNb.s:1407   .debug_str:0000000000000098 .LASF22
     /tmp/ccun7GNb.s:1427   .debug_str:0000000000000141 .LASF33
     /tmp/ccun7GNb.s:1415   .debug_str:00000000000000e3 .LASF34
     /tmp/ccun7GNb.s:1461   .debug_str:0000000000000333 .LASF35
     /tmp/ccun7GNb.s:1429   .debug_str:000000000000016b .LASF36
     /tmp/ccun7GNb.s:1469   .debug_str:0000000000000369 .LASF37
     /tmp/ccun7GNb.s:1419   .debug_str:000000000000010b .LASF23
     /tmp/ccun7GNb.s:1459   .debug_str:0000000000000329 .LASF24
     /tmp/ccun7GNb.s:1395   .debug_str:0000000000000031 .LASF25
     /tmp/ccun7GNb.s:115    .text._ZN14PeriodicThreadD0Ev:0000000000000000 .LFB9
     /tmp/ccun7GNb.s:155    .text._ZN14PeriodicThreadD0Ev:000000000000004c .LFE9
     /tmp/ccun7GNb.s:1261   .debug_loc:0000000000000000 .LLST2
     /tmp/ccun7GNb.s:131    .text._ZN14PeriodicThreadD0Ev:0000000000000018 .LBB6
     /tmp/ccun7GNb.s:139    .text._ZN14PeriodicThreadD0Ev:000000000000002c .LBE6
     /tmp/ccun7GNb.s:1279   .debug_loc:000000000000004c .LLST3
     /tmp/ccun7GNb.s:137    .text._ZN14PeriodicThreadD0Ev:000000000000002c .LVL9
     /tmp/ccun7GNb.s:142    .text._ZN14PeriodicThreadD0Ev:0000000000000038 .LVL10
     /tmp/ccun7GNb.s:1455   .debug_str:0000000000000301 .LASF26
     /tmp/ccun7GNb.s:78     .text._ZN14PeriodicThreadD2Ev:0000000000000000 .LFB7
     /tmp/ccun7GNb.s:106    .text._ZN14PeriodicThreadD2Ev:0000000000000034 .LFE7
     /tmp/ccun7GNb.s:1290   .debug_loc:0000000000000082 .LLST1
     /tmp/ccun7GNb.s:95     .text._ZN14PeriodicThreadD2Ev:0000000000000024 .LVL6
     /tmp/ccun7GNb.s:1435   .debug_str:0000000000000261 .LASF27
     /tmp/ccun7GNb.s:162    .text:0000000000000000 .LFB4
     /tmp/ccun7GNb.s:207    .text:0000000000000050 .LFE4
     /tmp/ccun7GNb.s:1304   .debug_loc:00000000000000bb .LLST4
     /tmp/ccun7GNb.s:1322   .debug_loc:0000000000000107 .LLST5
     /tmp/ccun7GNb.s:184    .text:0000000000000028 .LVL13
     /tmp/ccun7GNb.s:37     .text._ZN14PeriodicThread3runEv:0000000000000000 .LFB2
     /tmp/ccun7GNb.s:71     .text._ZN14PeriodicThread3runEv:0000000000000038 .LFE2
     /tmp/ccun7GNb.s:1341   .debug_loc:0000000000000154 .LLST0
     /tmp/ccun7GNb.s:62     .text._ZN14PeriodicThread3runEv:0000000000000028 .LVL3
     /tmp/ccun7GNb.s:67     .text._ZN14PeriodicThread3runEv:0000000000000034 .LVL4
     /tmp/ccun7GNb.s:11     .text._ZN14PeriodicThread18periodicActivationEv:0000000000000000 .LFB1
     /tmp/ccun7GNb.s:30     .text._ZN14PeriodicThread18periodicActivationEv:0000000000000018 .LFE1
     /tmp/ccun7GNb.s:1467   .debug_str:0000000000000362 .LASF38
     /tmp/ccun7GNb.s:1441   .debug_str:0000000000000291 .LASF39
     /tmp/ccun7GNb.s:1457   .debug_str:0000000000000319 .LASF40
     /tmp/ccun7GNb.s:1439   .debug_str:0000000000000286 .LASF41
     /tmp/ccun7GNb.s:118    .text._ZN14PeriodicThreadD0Ev:0000000000000000 .LVL7
     /tmp/ccun7GNb.s:150    .text._ZN14PeriodicThreadD0Ev:0000000000000044 .LVL11
     /tmp/ccun7GNb.s:130    .text._ZN14PeriodicThreadD0Ev:0000000000000018 .LVL8
     /tmp/ccun7GNb.s:81     .text._ZN14PeriodicThreadD2Ev:0000000000000000 .LVL5
     /tmp/ccun7GNb.s:166    .text:0000000000000000 .LVL12
     /tmp/ccun7GNb.s:199    .text:0000000000000044 .LVL14
     /tmp/ccun7GNb.s:202    .text:0000000000000048 .LVL15
     /tmp/ccun7GNb.s:40     .text._ZN14PeriodicThread3runEv:0000000000000000 .LVL1
     /tmp/ccun7GNb.s:52     .text._ZN14PeriodicThread3runEv:0000000000000018 .LVL2
     /tmp/ccun7GNb.s:228    .debug_info:0000000000000000 .Ldebug_info0
     /tmp/ccun7GNb.s:5      .text:0000000000000000 .Ltext0
     /tmp/ccun7GNb.s:224    .text:0000000000000050 .Letext0
                           .group:0000000000000000 _ZN14PeriodicThreadD5Ev
GAS LISTING /tmp/ccun7GNb.s 			page 10



UNDEFINED SYMBOLS
_Z10time_sleepm
_ZN6ThreadD2Ev
_ZdlPv
_ZN6ThreadC2Ev
