GAS LISTING /tmp/ccXdLenu.s 			page 1


   1              		.file	"print.cpp"
   2              		.option pic
   3              		.option norelax
   4              		.text
   5              	.Ltext0:
   6              		.align	2
   7              		.globl	_Z11printStringPKc
   9              	_Z11printStringPKc:
  10              	.LFB49:
  11              		.file 1 "src/print.cpp"
   1:src/print.cpp **** //
   2:src/print.cpp **** // Created by marko on 20.4.22..
   3:src/print.cpp **** //
   4:src/print.cpp **** 
   5:src/print.cpp **** #include "../h/print.hpp"
   6:src/print.cpp **** #include "../h/riscv.hpp"
   7:src/print.cpp **** //#include "../lib/console.h"
   8:src/print.cpp **** 
   9:src/print.cpp **** void printString(char const *string)
  10:src/print.cpp **** {
  12              		.loc 1 10 1
  13              		.cfi_startproc
  14              	.LVL0:
  15 0000 130101FD 		addi	sp,sp,-48
  16              		.cfi_def_cfa_offset 48
  17 0004 23341102 		sd	ra,40(sp)
  18 0008 23308102 		sd	s0,32(sp)
  19 000c 233C9100 		sd	s1,24(sp)
  20 0010 23382101 		sd	s2,16(sp)
  21              		.cfi_offset 1, -8
  22              		.cfi_offset 8, -16
  23              		.cfi_offset 9, -24
  24              		.cfi_offset 18, -32
  25 0014 13040103 		addi	s0,sp,48
  26              		.cfi_def_cfa 8, 0
  27 0018 93040500 		mv	s1,a0
  11:src/print.cpp ****     uint64 sstatus = Riscv::r_sstatus();
  28              		.loc 1 11 5
  29              	.LBB14:
  30              	.LBB15:
  31              		.file 2 "src/../h/riscv.hpp"
   1:src/../h/riscv.hpp **** //
   2:src/../h/riscv.hpp **** // Created by marko on 20.4.22..
   3:src/../h/riscv.hpp **** //
   4:src/../h/riscv.hpp **** 
   5:src/../h/riscv.hpp **** #ifndef OS1_VEZBE07_RISCV_CONTEXT_SWITCH_2_INTERRUPT_RISCV_HPP
   6:src/../h/riscv.hpp **** #define OS1_VEZBE07_RISCV_CONTEXT_SWITCH_2_INTERRUPT_RISCV_HPP
   7:src/../h/riscv.hpp **** 
   8:src/../h/riscv.hpp **** #include "../lib/hw.h"
   9:src/../h/riscv.hpp **** #include "../h/tcb.hpp"
  10:src/../h/riscv.hpp **** #include "list.hpp"
  11:src/../h/riscv.hpp **** #include "_buffer.hpp"
  12:src/../h/riscv.hpp **** 
  13:src/../h/riscv.hpp **** template<typename T>
  14:src/../h/riscv.hpp **** class List;
  15:src/../h/riscv.hpp **** class Riscv
  16:src/../h/riscv.hpp **** {
GAS LISTING /tmp/ccXdLenu.s 			page 2


  17:src/../h/riscv.hpp **** public:
  18:src/../h/riscv.hpp **** 
  19:src/../h/riscv.hpp ****     // pop sstatus.spp and sstatus.spie bits (has to be a non inline function)
  20:src/../h/riscv.hpp ****     static void popSppSpie();
  21:src/../h/riscv.hpp **** 
  22:src/../h/riscv.hpp ****     // read register scause
  23:src/../h/riscv.hpp ****     static uint64 r_scause();
  24:src/../h/riscv.hpp **** 
  25:src/../h/riscv.hpp ****     // write register scause
  26:src/../h/riscv.hpp ****     static void w_scause(uint64 scause);
  27:src/../h/riscv.hpp **** 
  28:src/../h/riscv.hpp ****     // read register sepc
  29:src/../h/riscv.hpp ****     static uint64 r_sepc();
  30:src/../h/riscv.hpp **** 
  31:src/../h/riscv.hpp ****     // write register sepc
  32:src/../h/riscv.hpp ****     static void w_sepc(uint64 sepc);
  33:src/../h/riscv.hpp **** 
  34:src/../h/riscv.hpp ****     // read register stvec
  35:src/../h/riscv.hpp ****     static uint64 r_stvec();
  36:src/../h/riscv.hpp **** 
  37:src/../h/riscv.hpp ****     // write register stvec
  38:src/../h/riscv.hpp ****     static void w_stvec(uint64 stvec);
  39:src/../h/riscv.hpp **** 
  40:src/../h/riscv.hpp ****     // read register stval
  41:src/../h/riscv.hpp ****     static uint64 r_stval();
  42:src/../h/riscv.hpp **** 
  43:src/../h/riscv.hpp ****     // write register stval
  44:src/../h/riscv.hpp ****     static void w_stval(uint64 stval);
  45:src/../h/riscv.hpp **** 
  46:src/../h/riscv.hpp ****     enum BitMaskSip
  47:src/../h/riscv.hpp ****     {
  48:src/../h/riscv.hpp ****         SIP_SSIP = (1 << 1),
  49:src/../h/riscv.hpp ****         SIP_STIP = (1 << 5),
  50:src/../h/riscv.hpp ****         SIP_SEIP = (1 << 9),
  51:src/../h/riscv.hpp ****     };
  52:src/../h/riscv.hpp **** 
  53:src/../h/riscv.hpp ****     // mask set register sip
  54:src/../h/riscv.hpp ****     static void ms_sip(uint64 mask);
  55:src/../h/riscv.hpp **** 
  56:src/../h/riscv.hpp ****     // mask clear register sip
  57:src/../h/riscv.hpp ****     static void mc_sip(uint64 mask);
  58:src/../h/riscv.hpp **** 
  59:src/../h/riscv.hpp ****     // read register sip
  60:src/../h/riscv.hpp ****     static uint64 r_sip();
  61:src/../h/riscv.hpp **** 
  62:src/../h/riscv.hpp ****     // write register sip
  63:src/../h/riscv.hpp ****     static void w_sip(uint64 sip);
  64:src/../h/riscv.hpp **** 
  65:src/../h/riscv.hpp ****     enum BitMaskSstatus
  66:src/../h/riscv.hpp ****     {
  67:src/../h/riscv.hpp ****         SSTATUS_SIE = (1 << 1),
  68:src/../h/riscv.hpp ****         SSTATUS_SPIE = (1 << 5),
  69:src/../h/riscv.hpp ****         SSTATUS_SPP = (1 << 8),
  70:src/../h/riscv.hpp ****     };
  71:src/../h/riscv.hpp **** 
  72:src/../h/riscv.hpp ****     // mask set register sstatus
  73:src/../h/riscv.hpp ****     static void ms_sstatus(uint64 mask);
GAS LISTING /tmp/ccXdLenu.s 			page 3


  74:src/../h/riscv.hpp **** 
  75:src/../h/riscv.hpp ****     // mask clear register sstatus
  76:src/../h/riscv.hpp ****     static void mc_sstatus(uint64 mask);
  77:src/../h/riscv.hpp **** 
  78:src/../h/riscv.hpp ****     // read register sstatus
  79:src/../h/riscv.hpp ****     static uint64 r_sstatus();
  80:src/../h/riscv.hpp **** 
  81:src/../h/riscv.hpp ****     // write register sstatus
  82:src/../h/riscv.hpp ****     static void w_sstatus(uint64 sstatus);
  83:src/../h/riscv.hpp **** 
  84:src/../h/riscv.hpp ****     // supervisor trap
  85:src/../h/riscv.hpp ****     static void supervisorTrap();
  86:src/../h/riscv.hpp ****     static char ttt;
  87:src/../h/riscv.hpp ****     static KeyboardBuffer buff1, buff2;
  88:src/../h/riscv.hpp **** private:
  89:src/../h/riscv.hpp **** 
  90:src/../h/riscv.hpp ****     // supervisor trap handler
  91:src/../h/riscv.hpp ****     static void handleSupervisorTrap();
  92:src/../h/riscv.hpp ****     friend class _thread;
  93:src/../h/riscv.hpp ****     static List<_thread> sleepingThreads;
  94:src/../h/riscv.hpp **** 
  95:src/../h/riscv.hpp **** };
  96:src/../h/riscv.hpp **** 
  97:src/../h/riscv.hpp **** inline uint64 Riscv::r_scause()
  98:src/../h/riscv.hpp **** {
  99:src/../h/riscv.hpp ****     uint64 volatile scause;
 100:src/../h/riscv.hpp ****     __asm__ volatile ("csrr %[scause], scause" : [scause] "=r"(scause));
 101:src/../h/riscv.hpp ****     return scause;
 102:src/../h/riscv.hpp **** }
 103:src/../h/riscv.hpp **** 
 104:src/../h/riscv.hpp **** inline void Riscv::w_scause(uint64 scause)
 105:src/../h/riscv.hpp **** {
 106:src/../h/riscv.hpp ****     __asm__ volatile ("csrw scause, %[scause]" : : [scause] "r"(scause));
 107:src/../h/riscv.hpp **** }
 108:src/../h/riscv.hpp **** 
 109:src/../h/riscv.hpp **** inline uint64 Riscv::r_sepc()
 110:src/../h/riscv.hpp **** {
 111:src/../h/riscv.hpp ****     uint64 volatile sepc;
 112:src/../h/riscv.hpp ****     __asm__ volatile ("csrr %[sepc], sepc" : [sepc] "=r"(sepc));
 113:src/../h/riscv.hpp ****     return sepc;
 114:src/../h/riscv.hpp **** }
 115:src/../h/riscv.hpp **** 
 116:src/../h/riscv.hpp **** inline void Riscv::w_sepc(uint64 sepc)
 117:src/../h/riscv.hpp **** {
 118:src/../h/riscv.hpp ****     __asm__ volatile ("csrw sepc, %[sepc]" : : [sepc] "r"(sepc));
 119:src/../h/riscv.hpp **** }
 120:src/../h/riscv.hpp **** 
 121:src/../h/riscv.hpp **** inline uint64 Riscv::r_stvec()
 122:src/../h/riscv.hpp **** {
 123:src/../h/riscv.hpp ****     uint64 volatile stvec;
 124:src/../h/riscv.hpp ****     __asm__ volatile ("csrr %[stvec], stvec" : [stvec] "=r"(stvec));
 125:src/../h/riscv.hpp ****     return stvec;
 126:src/../h/riscv.hpp **** }
 127:src/../h/riscv.hpp **** 
 128:src/../h/riscv.hpp **** inline void Riscv::w_stvec(uint64 stvec)
 129:src/../h/riscv.hpp **** {
 130:src/../h/riscv.hpp ****     __asm__ volatile ("csrw stvec, %[stvec]" : : [stvec] "r"(stvec));
GAS LISTING /tmp/ccXdLenu.s 			page 4


 131:src/../h/riscv.hpp **** }
 132:src/../h/riscv.hpp **** 
 133:src/../h/riscv.hpp **** inline uint64 Riscv::r_stval()
 134:src/../h/riscv.hpp **** {
 135:src/../h/riscv.hpp ****     uint64 volatile stval;
 136:src/../h/riscv.hpp ****     __asm__ volatile ("csrr %[stval], stval" : [stval] "=r"(stval));
 137:src/../h/riscv.hpp ****     return stval;
 138:src/../h/riscv.hpp **** }
 139:src/../h/riscv.hpp **** 
 140:src/../h/riscv.hpp **** inline void Riscv::w_stval(uint64 stval)
 141:src/../h/riscv.hpp **** {
 142:src/../h/riscv.hpp ****     __asm__ volatile ("csrw stval, %[stval]" : : [stval] "r"(stval));
 143:src/../h/riscv.hpp **** }
 144:src/../h/riscv.hpp **** 
 145:src/../h/riscv.hpp **** inline void Riscv::ms_sip(uint64 mask)
 146:src/../h/riscv.hpp **** {
 147:src/../h/riscv.hpp ****     __asm__ volatile ("csrs sip, %[mask]" : : [mask] "r"(mask));
 148:src/../h/riscv.hpp **** }
 149:src/../h/riscv.hpp **** 
 150:src/../h/riscv.hpp **** inline void Riscv::mc_sip(uint64 mask)
 151:src/../h/riscv.hpp **** {
 152:src/../h/riscv.hpp ****     __asm__ volatile ("csrc sip, %[mask]" : : [mask] "r"(mask));
 153:src/../h/riscv.hpp **** }
 154:src/../h/riscv.hpp **** 
 155:src/../h/riscv.hpp **** inline uint64 Riscv::r_sip()
 156:src/../h/riscv.hpp **** {
 157:src/../h/riscv.hpp ****     uint64 volatile sip;
 158:src/../h/riscv.hpp ****     __asm__ volatile ("csrr %[sip], sip" : [sip] "=r"(sip));
 159:src/../h/riscv.hpp ****     return sip;
 160:src/../h/riscv.hpp **** }
 161:src/../h/riscv.hpp **** 
 162:src/../h/riscv.hpp **** inline void Riscv::w_sip(uint64 sip)
 163:src/../h/riscv.hpp **** {
 164:src/../h/riscv.hpp ****     __asm__ volatile ("csrw sip, %[sip]" : : [sip] "r"(sip));
 165:src/../h/riscv.hpp **** }
 166:src/../h/riscv.hpp **** 
 167:src/../h/riscv.hpp **** inline void Riscv::ms_sstatus(uint64 mask)
 168:src/../h/riscv.hpp **** {
 169:src/../h/riscv.hpp ****     __asm__ volatile ("csrs sstatus, %[mask]" : : [mask] "r"(mask));
 170:src/../h/riscv.hpp **** }
 171:src/../h/riscv.hpp **** 
 172:src/../h/riscv.hpp **** inline void Riscv::mc_sstatus(uint64 mask)
 173:src/../h/riscv.hpp **** {
 174:src/../h/riscv.hpp ****     __asm__ volatile ("csrc sstatus, %[mask]" : : [mask] "r"(mask));
 175:src/../h/riscv.hpp **** }
 176:src/../h/riscv.hpp **** 
 177:src/../h/riscv.hpp **** inline uint64 Riscv::r_sstatus()
 178:src/../h/riscv.hpp **** {
 179:src/../h/riscv.hpp ****     uint64 volatile sstatus;
  32              		.loc 2 179 5
 180:src/../h/riscv.hpp ****     __asm__ volatile ("csrr %[sstatus], sstatus" : [sstatus] "=r"(sstatus));
  33              		.loc 2 180 5
  34              		.loc 2 180 76 is_stmt 0
  35              	#APP
  36              	# 180 "src/../h/riscv.hpp" 1
 181              	    return sstatus;
  37              		csrr a5, sstatus
GAS LISTING /tmp/ccXdLenu.s 			page 5


  38              	# 0 "" 2
  39              	#NO_APP
  40 0020 233CF4FC 		sd	a5,-40(s0)
  41              		.loc 2 181 5 is_stmt 1
  42              		.loc 2 181 12 is_stmt 0
  43 0024 033984FD 		ld	s2,-40(s0)
  44              	.LVL1:
  45              	.LBE15:
  46              	.LBE14:
  12:src/print.cpp ****     Riscv::mc_sstatus(Riscv::SSTATUS_SIE);
  47              		.loc 1 12 5 is_stmt 1
  48              	.LBB16:
  49              	.LBB17:
 174:src/../h/riscv.hpp **** }
  50              		.loc 2 174 5
 174:src/../h/riscv.hpp **** }
  51              		.loc 2 174 68 is_stmt 0
  52 0028 93072000 		li	a5,2
  53              	#APP
  54              	# 174 "src/../h/riscv.hpp" 1
  55              		csrc sstatus, a5
  56              	# 0 "" 2
  57              	.LVL2:
  58              	#NO_APP
  59              	.L3:
  60              	.LBE17:
  61              	.LBE16:
  13:src/print.cpp ****     while (*string != '\0')
  62              		.loc 1 13 5 is_stmt 1
  63              		.loc 1 13 20
  64              		.loc 1 13 12 is_stmt 0
  65 0030 03C50400 		lbu	a0,0(s1)
  66              		.loc 1 13 20
  67 0034 630A0500 		beqz	a0,.L2
  14:src/print.cpp ****     {
  15:src/print.cpp ****         putc(*string);
  68              		.loc 1 15 9 is_stmt 1
  69              		.loc 1 15 13 is_stmt 0
  70 0038 97000000 		call	_Z4putcc@plt
  70      E7800000 
  71              	.LVL3:
  16:src/print.cpp ****         string++;
  72              		.loc 1 16 9 is_stmt 1
  73              		.loc 1 16 15 is_stmt 0
  74 0040 93841400 		addi	s1,s1,1
  75              	.LVL4:
  13:src/print.cpp ****     while (*string != '\0')
  76              		.loc 1 13 5
  77 0044 6FF0DFFE 		j	.L3
  78              	.L2:
  17:src/print.cpp ****     }
  18:src/print.cpp ****     Riscv::ms_sstatus(sstatus & Riscv::SSTATUS_SIE ? Riscv::SSTATUS_SIE : 0);
  79              		.loc 1 18 5 is_stmt 1
  80              		.loc 1 18 52 is_stmt 0
  81 0048 1B090900 		sext.w	s2,s2
  82              	.LVL5:
  83              		.loc 1 18 22
GAS LISTING /tmp/ccXdLenu.s 			page 6


  84 004c 13792900 		andi	s2,s2,2
  85 0050 1B090900 		sext.w	s2,s2
  86              	.LVL6:
  87              	.LBB18:
  88              	.LBB19:
 169:src/../h/riscv.hpp **** }
  89              		.loc 2 169 5 is_stmt 1
 169:src/../h/riscv.hpp **** }
  90              		.loc 2 169 68 is_stmt 0
  91              	#APP
  92              	# 169 "src/../h/riscv.hpp" 1
  93              		csrs sstatus, s2
  94              	# 0 "" 2
  95              	.LVL7:
  96              	#NO_APP
  97              	.LBE19:
  98              	.LBE18:
  19:src/print.cpp **** }
  99              		.loc 1 19 1
 100 0058 83308102 		ld	ra,40(sp)
 101              		.cfi_restore 1
 102 005c 03340102 		ld	s0,32(sp)
 103              		.cfi_restore 8
 104              		.cfi_def_cfa 2, 48
 105 0060 83348101 		ld	s1,24(sp)
 106              		.cfi_restore 9
 107              	.LVL8:
 108 0064 03390101 		ld	s2,16(sp)
 109              		.cfi_restore 18
 110 0068 13010103 		addi	sp,sp,48
 111              		.cfi_def_cfa_offset 0
 112 006c 67800000 		jr	ra
 113              		.cfi_endproc
 114              	.LFE49:
 116              		.align	2
 117              		.globl	_Z12printIntegerm
 119              	_Z12printIntegerm:
 120              	.LFB50:
  20:src/print.cpp **** 
  21:src/print.cpp **** void printInteger(uint64 integer)
  22:src/print.cpp **** {
 121              		.loc 1 22 1 is_stmt 1
 122              		.cfi_startproc
 123              	.LVL9:
 124 0070 130101FC 		addi	sp,sp,-64
 125              		.cfi_def_cfa_offset 64
 126 0074 233C1102 		sd	ra,56(sp)
 127 0078 23388102 		sd	s0,48(sp)
 128 007c 23349102 		sd	s1,40(sp)
 129 0080 23302103 		sd	s2,32(sp)
 130              		.cfi_offset 1, -8
 131              		.cfi_offset 8, -16
 132              		.cfi_offset 9, -24
 133              		.cfi_offset 18, -32
 134 0084 13040104 		addi	s0,sp,64
 135              		.cfi_def_cfa 8, 0
  23:src/print.cpp ****     uint64 sstatus = Riscv::r_sstatus();
GAS LISTING /tmp/ccXdLenu.s 			page 7


 136              		.loc 1 23 5
 137              	.LBB20:
 138              	.LBB21:
 179:src/../h/riscv.hpp ****     __asm__ volatile ("csrr %[sstatus], sstatus" : [sstatus] "=r"(sstatus));
 139              		.loc 2 179 5
 180:src/../h/riscv.hpp ****     return sstatus;
 140              		.loc 2 180 5
 180:src/../h/riscv.hpp ****     return sstatus;
 141              		.loc 2 180 76 is_stmt 0
 142              	#APP
 143              	# 180 "src/../h/riscv.hpp" 1
 144              		csrr a5, sstatus
 145              	# 0 "" 2
 146              	#NO_APP
 147 008c 2334F4FC 		sd	a5,-56(s0)
 148              		.loc 2 181 5 is_stmt 1
 149              		.loc 2 181 12 is_stmt 0
 150 0090 033984FC 		ld	s2,-56(s0)
 151              	.LVL10:
 152              	.LBE21:
 153              	.LBE20:
  24:src/print.cpp ****     Riscv::mc_sstatus(Riscv::SSTATUS_SIE);
 154              		.loc 1 24 5 is_stmt 1
 155              	.LBB22:
 156              	.LBB23:
 174:src/../h/riscv.hpp **** }
 157              		.loc 2 174 5
 174:src/../h/riscv.hpp **** }
 158              		.loc 2 174 68 is_stmt 0
 159 0094 93072000 		li	a5,2
 160              	#APP
 161              	# 174 "src/../h/riscv.hpp" 1
 162              		csrc sstatus, a5
 163              	# 0 "" 2
 164              	.LVL11:
 165              	#NO_APP
 166              	.LBE23:
 167              	.LBE22:
  25:src/print.cpp ****     static char digits[] = "0123456789";
 168              		.loc 1 25 5 is_stmt 1
  26:src/print.cpp ****     char buf[16];
 169              		.loc 1 26 5
  27:src/print.cpp ****     int i, neg;
 170              		.loc 1 27 5
  28:src/print.cpp ****     uint x;
 171              		.loc 1 28 5
  29:src/print.cpp **** 
  30:src/print.cpp ****     neg = 0;
 172              		.loc 1 30 5
  31:src/print.cpp ****     if (integer < 0)
 173              		.loc 1 31 5
  32:src/print.cpp ****     {
  33:src/print.cpp ****         neg = 1;
  34:src/print.cpp ****         x = -integer;
  35:src/print.cpp ****     } else
  36:src/print.cpp ****     {
  37:src/print.cpp ****         x = integer;
GAS LISTING /tmp/ccXdLenu.s 			page 8


 174              		.loc 1 37 9
 175              		.loc 1 37 11 is_stmt 0
 176 009c 1B050500 		sext.w	a0,a0
 177              	.LVL12:
  38:src/print.cpp ****     }
  39:src/print.cpp **** 
  40:src/print.cpp ****     i = 0;
 178              		.loc 1 40 5 is_stmt 1
 179              		.loc 1 40 7 is_stmt 0
 180 00a0 93040000 		li	s1,0
 181              	.LVL13:
 182              	.L6:
  41:src/print.cpp ****     do
 183              		.loc 1 41 5 is_stmt 1
  42:src/print.cpp ****     {
  43:src/print.cpp ****         buf[i++] = digits[x % 10];
 184              		.loc 1 43 9
 185              		.loc 1 43 29 is_stmt 0
 186 00a4 1306A000 		li	a2,10
 187 00a8 3B77C502 		remuw	a4,a0,a2
 188              	.LVL14:
 189              		.loc 1 43 33
 190 00ac 93160702 		slli	a3,a4,32
 191 00b0 93D60602 		srli	a3,a3,32
 192 00b4 17070000 		lla	a4,.LANCHOR0
 192      13070700 
 193 00bc 3307D700 		add	a4,a4,a3
 194 00c0 03470700 		lbu	a4,0(a4)
 195              		.loc 1 43 18
 196 00c4 930604FE 		addi	a3,s0,-32
 197 00c8 B3879600 		add	a5,a3,s1
 198 00cc 9B841400 		addiw	s1,s1,1
 199              	.LVL15:
 200 00d0 2388E7FE 		sb	a4,-16(a5)
  44:src/print.cpp ****     } while ((x /= 10) != 0);
 201              		.loc 1 44 24 is_stmt 1
 202 00d4 1B070500 		sext.w	a4,a0
 203              		.loc 1 44 17 is_stmt 0
 204 00d8 3B55C502 		divuw	a0,a0,a2
 205              	.LVL16:
 206              		.loc 1 44 24
 207 00dc 93079000 		li	a5,9
 208 00e0 E3E2E7FC 		bgtu	a4,a5,.L6
 209              	.LVL17:
 210              	.L8:
  45:src/print.cpp ****     if (neg)
  46:src/print.cpp ****         buf[i++] = '-';
  47:src/print.cpp **** 
  48:src/print.cpp ****     while (--i >= 0) { putc(buf[i]); }
 211              		.loc 1 48 5 is_stmt 1
 212              		.loc 1 48 16
 213 00e4 9B84F4FF 		addiw	s1,s1,-1
 214              	.LVL18:
 215 00e8 63CE0400 		bltz	s1,.L7
 216              		.loc 1 48 24 discriminator 1
 217              		.loc 1 48 28 is_stmt 0 discriminator 1
 218 00ec 930704FE 		addi	a5,s0,-32
GAS LISTING /tmp/ccXdLenu.s 			page 9


 219 00f0 B3879700 		add	a5,a5,s1
 220 00f4 03C507FF 		lbu	a0,-16(a5)
 221 00f8 97000000 		call	_Z4putcc@plt
 221      E7800000 
 222              	.LVL19:
 223 0100 6FF05FFE 		j	.L8
 224              	.L7:
  49:src/print.cpp ****     Riscv::ms_sstatus(sstatus & Riscv::SSTATUS_SIE ? Riscv::SSTATUS_SIE : 0);
 225              		.loc 1 49 5 is_stmt 1
 226              		.loc 1 49 52 is_stmt 0
 227 0104 1B090900 		sext.w	s2,s2
 228              	.LVL20:
 229              		.loc 1 49 22
 230 0108 13792900 		andi	s2,s2,2
 231 010c 1B090900 		sext.w	s2,s2
 232              	.LVL21:
 233              	.LBB24:
 234              	.LBB25:
 169:src/../h/riscv.hpp **** }
 235              		.loc 2 169 5 is_stmt 1
 169:src/../h/riscv.hpp **** }
 236              		.loc 2 169 68 is_stmt 0
 237              	#APP
 238              	# 169 "src/../h/riscv.hpp" 1
 239              		csrs sstatus, s2
 240              	# 0 "" 2
 241              	.LVL22:
 242              	#NO_APP
 243              	.LBE25:
 244              	.LBE24:
  50:src/print.cpp **** }...
 245              		.loc 1 50 1
 246 0114 83308103 		ld	ra,56(sp)
 247              		.cfi_restore 1
 248 0118 03340103 		ld	s0,48(sp)
 249              		.cfi_restore 8
 250              		.cfi_def_cfa 2, 64
 251 011c 83348102 		ld	s1,40(sp)
 252              		.cfi_restore 9
 253 0120 03390102 		ld	s2,32(sp)
 254              		.cfi_restore 18
 255 0124 13010104 		addi	sp,sp,64
 256              		.cfi_def_cfa_offset 0
 257 0128 67800000 		jr	ra
 258              		.cfi_endproc
 259              	.LFE50:
 261              		.section	.rodata
 262              		.align	3
 263              		.set	.LANCHOR0,. + 0
 266              	_ZZ12printIntegermE6digits:
 267 0000 30313233 		.string	"0123456789"
 267      34353637 
 267      383900
 268              		.text
 269              	.Letext0:
 270              		.file 3 "src/../h/../lib/hw.h"
 271              		.file 4 "src/../h/../h/syscall_c.h"
GAS LISTING /tmp/ccXdLenu.s 			page 10


 272              		.file 5 "src/../h/../h/tcb.hpp"
 273              		.file 6 "src/../h/../h/_sem.hpp"
 274              		.file 7 "src/../h/../h/list.hpp"
 275              		.file 8 "src/../h/_buffer.hpp"
GAS LISTING /tmp/ccXdLenu.s 			page 11


DEFINED SYMBOLS
                            *ABS*:0000000000000000 print.cpp
     /tmp/ccXdLenu.s:9      .text:0000000000000000 _Z11printStringPKc
     /tmp/ccXdLenu.s:13     .text:0000000000000000 .L0 
     /tmp/ccXdLenu.s:15     .text:0000000000000000 .L0 
     /tmp/ccXdLenu.s:16     .text:0000000000000004 .L0 
     /tmp/ccXdLenu.s:21     .text:0000000000000014 .L0 
     /tmp/ccXdLenu.s:22     .text:0000000000000014 .L0 
     /tmp/ccXdLenu.s:23     .text:0000000000000014 .L0 
     /tmp/ccXdLenu.s:24     .text:0000000000000014 .L0 
     /tmp/ccXdLenu.s:26     .text:0000000000000018 .L0 
     /tmp/ccXdLenu.s:32     .text:000000000000001c .L0 
     /tmp/ccXdLenu.s:33     .text:000000000000001c .L0 
     /tmp/ccXdLenu.s:34     .text:000000000000001c .L0 
  src/../h/riscv.hpp:180    .text:000000000000001c .L0 
     /tmp/ccXdLenu.s:42     .text:0000000000000024 .L0 
     /tmp/ccXdLenu.s:43     .text:0000000000000024 .L0 
     /tmp/ccXdLenu.s:50     .text:0000000000000028 .L0 
     /tmp/ccXdLenu.s:51     .text:0000000000000028 .L0 
     /tmp/ccXdLenu.s:52     .text:0000000000000028 .L0 
     /tmp/ccXdLenu.s:63     .text:0000000000000030 .L0 
     /tmp/ccXdLenu.s:64     .text:0000000000000030 .L0 
     /tmp/ccXdLenu.s:65     .text:0000000000000030 .L0 
     /tmp/ccXdLenu.s:67     .text:0000000000000034 .L0 
     /tmp/ccXdLenu.s:69     .text:0000000000000038 .L0 
     /tmp/ccXdLenu.s:70     .text:0000000000000038 .L0 
     /tmp/ccXdLenu.s:73     .text:0000000000000040 .L0 
     /tmp/ccXdLenu.s:74     .text:0000000000000040 .L0 
     /tmp/ccXdLenu.s:77     .text:0000000000000044 .L0 
     /tmp/ccXdLenu.s:80     .text:0000000000000048 .L0 
     /tmp/ccXdLenu.s:81     .text:0000000000000048 .L0 
     /tmp/ccXdLenu.s:84     .text:000000000000004c .L0 
     /tmp/ccXdLenu.s:90     .text:0000000000000054 .L0 
  src/../h/riscv.hpp:169    .text:0000000000000054 .L0 
     /tmp/ccXdLenu.s:100    .text:0000000000000058 .L0 
     /tmp/ccXdLenu.s:101    .text:000000000000005c .L0 
     /tmp/ccXdLenu.s:103    .text:0000000000000060 .L0 
     /tmp/ccXdLenu.s:104    .text:0000000000000060 .L0 
     /tmp/ccXdLenu.s:106    .text:0000000000000064 .L0 
     /tmp/ccXdLenu.s:109    .text:0000000000000068 .L0 
     /tmp/ccXdLenu.s:111    .text:000000000000006c .L0 
     /tmp/ccXdLenu.s:113    .text:0000000000000070 .L0 
     /tmp/ccXdLenu.s:119    .text:0000000000000070 _Z12printIntegerm
     /tmp/ccXdLenu.s:122    .text:0000000000000070 .L0 
     /tmp/ccXdLenu.s:124    .text:0000000000000070 .L0 
     /tmp/ccXdLenu.s:125    .text:0000000000000074 .L0 
     /tmp/ccXdLenu.s:130    .text:0000000000000084 .L0 
     /tmp/ccXdLenu.s:131    .text:0000000000000084 .L0 
     /tmp/ccXdLenu.s:132    .text:0000000000000084 .L0 
     /tmp/ccXdLenu.s:133    .text:0000000000000084 .L0 
     /tmp/ccXdLenu.s:135    .text:0000000000000088 .L0 
     /tmp/ccXdLenu.s:139    .text:0000000000000088 .L0 
     /tmp/ccXdLenu.s:140    .text:0000000000000088 .L0 
     /tmp/ccXdLenu.s:141    .text:0000000000000088 .L0 
  src/../h/riscv.hpp:180    .text:0000000000000088 .L0 
     /tmp/ccXdLenu.s:149    .text:0000000000000090 .L0 
     /tmp/ccXdLenu.s:150    .text:0000000000000090 .L0 
GAS LISTING /tmp/ccXdLenu.s 			page 12


     /tmp/ccXdLenu.s:157    .text:0000000000000094 .L0 
     /tmp/ccXdLenu.s:158    .text:0000000000000094 .L0 
     /tmp/ccXdLenu.s:159    .text:0000000000000094 .L0 
     /tmp/ccXdLenu.s:169    .text:000000000000009c .L0 
     /tmp/ccXdLenu.s:170    .text:000000000000009c .L0 
     /tmp/ccXdLenu.s:171    .text:000000000000009c .L0 
     /tmp/ccXdLenu.s:172    .text:000000000000009c .L0 
     /tmp/ccXdLenu.s:173    .text:000000000000009c .L0 
     /tmp/ccXdLenu.s:174    .text:000000000000009c .L0 
     /tmp/ccXdLenu.s:175    .text:000000000000009c .L0 
     /tmp/ccXdLenu.s:176    .text:000000000000009c .L0 
     /tmp/ccXdLenu.s:179    .text:00000000000000a0 .L0 
     /tmp/ccXdLenu.s:180    .text:00000000000000a0 .L0 
     /tmp/ccXdLenu.s:184    .text:00000000000000a4 .L0 
     /tmp/ccXdLenu.s:185    .text:00000000000000a4 .L0 
     /tmp/ccXdLenu.s:186    .text:00000000000000a4 .L0 
     /tmp/ccXdLenu.s:190    .text:00000000000000ac .L0 
     /tmp/ccXdLenu.s:196    .text:00000000000000c4 .L0 
     /tmp/ccXdLenu.s:202    .text:00000000000000d4 .L0 
     /tmp/ccXdLenu.s:204    .text:00000000000000d8 .L0 
     /tmp/ccXdLenu.s:207    .text:00000000000000dc .L0 
     /tmp/ccXdLenu.s:212    .text:00000000000000e4 .L0 
     /tmp/ccXdLenu.s:213    .text:00000000000000e4 .L0 
     /tmp/ccXdLenu.s:217    .text:00000000000000ec .L0 
     /tmp/ccXdLenu.s:218    .text:00000000000000ec .L0 
     /tmp/ccXdLenu.s:226    .text:0000000000000104 .L0 
     /tmp/ccXdLenu.s:227    .text:0000000000000104 .L0 
     /tmp/ccXdLenu.s:230    .text:0000000000000108 .L0 
     /tmp/ccXdLenu.s:236    .text:0000000000000110 .L0 
  src/../h/riscv.hpp:169    .text:0000000000000110 .L0 
     /tmp/ccXdLenu.s:246    .text:0000000000000114 .L0 
     /tmp/ccXdLenu.s:247    .text:0000000000000118 .L0 
     /tmp/ccXdLenu.s:249    .text:000000000000011c .L0 
     /tmp/ccXdLenu.s:250    .text:000000000000011c .L0 
     /tmp/ccXdLenu.s:252    .text:0000000000000120 .L0 
     /tmp/ccXdLenu.s:254    .text:0000000000000124 .L0 
     /tmp/ccXdLenu.s:256    .text:0000000000000128 .L0 
     /tmp/ccXdLenu.s:258    .text:000000000000012c .L0 
     /tmp/ccXdLenu.s:263    .rodata:0000000000000000 .LANCHOR0
     /tmp/ccXdLenu.s:266    .rodata:0000000000000000 _ZZ12printIntegermE6digits
     /tmp/ccXdLenu.s:276    .text:000000000000012c .L0 
     /tmp/ccXdLenu.s:192    .text:00000000000000b4 .L0 
     /tmp/ccXdLenu.s:78     .text:0000000000000048 .L2
     /tmp/ccXdLenu.s:59     .text:0000000000000030 .L3
     /tmp/ccXdLenu.s:182    .text:00000000000000a4 .L6
     /tmp/ccXdLenu.s:224    .text:0000000000000104 .L7
     /tmp/ccXdLenu.s:210    .text:00000000000000e4 .L8
     /tmp/ccXdLenu.s:1750   .debug_abbrev:0000000000000000 .Ldebug_abbrev0
     /tmp/ccXdLenu.s:3274   .debug_str:00000000000008e9 .LASF177
     /tmp/ccXdLenu.s:2990   .debug_str:000000000000002f .LASF178
     /tmp/ccXdLenu.s:3064   .debug_str:0000000000000299 .LASF179
     /tmp/ccXdLenu.s:5      .text:0000000000000000 .Ltext0
     /tmp/ccXdLenu.s:269    .text:000000000000012c .Letext0
     /tmp/ccXdLenu.s:2978   .debug_line:0000000000000000 .Ldebug_line0
     /tmp/ccXdLenu.s:3086   .debug_str:000000000000036e .LASF0
     /tmp/ccXdLenu.s:3200   .debug_str:00000000000006f8 .LASF3
     /tmp/ccXdLenu.s:3116   .debug_str:0000000000000480 .LASF1
GAS LISTING /tmp/ccXdLenu.s 			page 13


     /tmp/ccXdLenu.s:3212   .debug_str:0000000000000758 .LASF2
     /tmp/ccXdLenu.s:3222   .debug_str:00000000000007ae .LASF4
     /tmp/ccXdLenu.s:3096   .debug_str:00000000000003ac .LASF5
     /tmp/ccXdLenu.s:2986   .debug_str:000000000000001d .LASF6
     /tmp/ccXdLenu.s:3182   .debug_str:0000000000000665 .LASF7
     /tmp/ccXdLenu.s:3172   .debug_str:00000000000005fe .LASF8
     /tmp/ccXdLenu.s:3106   .debug_str:0000000000000428 .LASF9
     /tmp/ccXdLenu.s:3062   .debug_str:0000000000000289 .LASF10
     /tmp/ccXdLenu.s:3068   .debug_str:00000000000002d3 .LASF11
     /tmp/ccXdLenu.s:3010   .debug_str:00000000000000c9 .LASF12
     /tmp/ccXdLenu.s:3050   .debug_str:0000000000000209 .LASF13
     /tmp/ccXdLenu.s:3018   .debug_str:000000000000011f .LASF14
     /tmp/ccXdLenu.s:3008   .debug_str:00000000000000b9 .LASF15
     /tmp/ccXdLenu.s:3248   .debug_str:0000000000000867 .LASF16
     /tmp/ccXdLenu.s:3042   .debug_str:00000000000001d0 .LASF17
     /tmp/ccXdLenu.s:3236   .debug_str:00000000000007fe .LASF18
     /tmp/ccXdLenu.s:3314   .debug_str:0000000000000aec .LASF19
     /tmp/ccXdLenu.s:2998   .debug_str:000000000000006d .LASF43
     /tmp/ccXdLenu.s:3260   .debug_str:00000000000008a0 .LASF180
     /tmp/ccXdLenu.s:3252   .debug_str:000000000000087c .LASF20
     /tmp/ccXdLenu.s:3112   .debug_str:0000000000000467 .LASF22
     /tmp/ccXdLenu.s:3262   .debug_str:00000000000008a8 .LASF24
     /tmp/ccXdLenu.s:3242   .debug_str:000000000000082b .LASF26
     /tmp/ccXdLenu.s:3000   .debug_str:0000000000000075 .LASF21
     /tmp/ccXdLenu.s:3306   .debug_str:0000000000000a98 .LASF23
     /tmp/ccXdLenu.s:3120   .debug_str:0000000000000499 .LASF25
     /tmp/ccXdLenu.s:3006   .debug_str:000000000000009c .LASF27
     /tmp/ccXdLenu.s:3300   .debug_str:0000000000000a54 .LASF28
     /tmp/ccXdLenu.s:3264   .debug_str:00000000000008b3 .LASF29
     /tmp/ccXdLenu.s:3196   .debug_str:00000000000006cb .LASF30
     /tmp/ccXdLenu.s:3038   .debug_str:00000000000001ab .LASF31
     /tmp/ccXdLenu.s:3044   .debug_str:00000000000001e6 .LASF32
     /tmp/ccXdLenu.s:3174   .debug_str:0000000000000611 .LASF33
     /tmp/ccXdLenu.s:3246   .debug_str:000000000000085a .LASF34
     /tmp/ccXdLenu.s:3036   .debug_str:000000000000018b .LASF35
     /tmp/ccXdLenu.s:3166   .debug_str:00000000000005e6 .LASF181
     /tmp/ccXdLenu.s:3058   .debug_str:0000000000000253 .LASF36
     /tmp/ccXdLenu.s:3118   .debug_str:0000000000000493 .LASF37
     /tmp/ccXdLenu.s:3154   .debug_str:000000000000057e .LASF39
     /tmp/ccXdLenu.s:3270   .debug_str:00000000000008d4 .LASF116
     /tmp/ccXdLenu.s:3186   .debug_str:0000000000000673 .LASF38
     /tmp/ccXdLenu.s:3070   .debug_str:00000000000002e1 .LASF40
     /tmp/ccXdLenu.s:3030   .debug_str:0000000000000177 .LASF41
     /tmp/ccXdLenu.s:3024   .debug_str:0000000000000142 .LASF42
     /tmp/ccXdLenu.s:3078   .debug_str:0000000000000329 .LASF44
     /tmp/ccXdLenu.s:3344   .debug_str:0000000000000b90 .LASF45
     /tmp/ccXdLenu.s:2984   .debug_str:0000000000000018 .LASF46
     /tmp/ccXdLenu.s:3348   .debug_str:0000000000000bb1 .LASF47
     /tmp/ccXdLenu.s:3286   .debug_str:00000000000009de .LASF48
     /tmp/ccXdLenu.s:3282   .debug_str:00000000000009ce .LASF49
     /tmp/ccXdLenu.s:3234   .debug_str:00000000000007f5 .LASF50
     /tmp/ccXdLenu.s:3298   .debug_str:0000000000000a4f .LASF51
     /tmp/ccXdLenu.s:3162   .debug_str:00000000000005c9 .LASF52
     /tmp/ccXdLenu.s:3258   .debug_str:0000000000000897 .LASF53
     /tmp/ccXdLenu.s:3136   .debug_str:0000000000000511 .LASF54
     /tmp/ccXdLenu.s:3002   .debug_str:0000000000000081 .LASF163
     /tmp/ccXdLenu.s:3198   .debug_str:00000000000006db .LASF165
GAS LISTING /tmp/ccXdLenu.s 			page 14


     /tmp/ccXdLenu.s:3022   .debug_str:0000000000000134 .LASF182
     /tmp/ccXdLenu.s:3098   .debug_str:00000000000003be .LASF183
     /tmp/ccXdLenu.s:3256   .debug_str:000000000000088c .LASF55
     /tmp/ccXdLenu.s:3326   .debug_str:0000000000000b2a .LASF56
     /tmp/ccXdLenu.s:2994   .debug_str:0000000000000044 .LASF57
     /tmp/ccXdLenu.s:3100   .debug_str:00000000000003ea .LASF58
     /tmp/ccXdLenu.s:3228   .debug_str:00000000000007cf .LASF112
     /tmp/ccXdLenu.s:3220   .debug_str:00000000000007a3 .LASF59
     /tmp/ccXdLenu.s:3336   .debug_str:0000000000000b6c .LASF60
     /tmp/ccXdLenu.s:3338   .debug_str:0000000000000b77 .LASF61
     /tmp/ccXdLenu.s:3266   .debug_str:00000000000008ca .LASF62
     /tmp/ccXdLenu.s:3232   .debug_str:00000000000007eb .LASF63
     /tmp/ccXdLenu.s:3108   .debug_str:000000000000043b .LASF64
     /tmp/ccXdLenu.s:3040   .debug_str:00000000000001ca .LASF65
     /tmp/ccXdLenu.s:3060   .debug_str:000000000000027c .LASF66
     /tmp/ccXdLenu.s:3032   .debug_str:0000000000000180 .LASF67
     /tmp/ccXdLenu.s:3148   .debug_str:0000000000000550 .LASF68
     /tmp/ccXdLenu.s:3254   .debug_str:0000000000000885 .LASF69
     /tmp/ccXdLenu.s:3238   .debug_str:0000000000000814 .LASF70
     /tmp/ccXdLenu.s:3076   .debug_str:0000000000000323 .LASF71
     /tmp/ccXdLenu.s:3280   .debug_str:00000000000009bd .LASF72
     /tmp/ccXdLenu.s:3334   .debug_str:0000000000000b60 .LASF73
     /tmp/ccXdLenu.s:3160   .debug_str:00000000000005b1 .LASF74
     /tmp/ccXdLenu.s:3004   .debug_str:000000000000008f .LASF75
     /tmp/ccXdLenu.s:3084   .debug_str:0000000000000368 .LASF76
     /tmp/ccXdLenu.s:3048   .debug_str:00000000000001f8 .LASF77
     /tmp/ccXdLenu.s:3346   .debug_str:0000000000000ba9 .LASF78
     /tmp/ccXdLenu.s:3318   .debug_str:0000000000000aff .LASF79
     /tmp/ccXdLenu.s:3206   .debug_str:0000000000000731 .LASF80
     /tmp/ccXdLenu.s:3356   .debug_str:0000000000000bf8 .LASF81
     /tmp/ccXdLenu.s:3020   .debug_str:000000000000012f .LASF184
     /tmp/ccXdLenu.s:3240   .debug_str:0000000000000826 .LASF82
     /tmp/ccXdLenu.s:3128   .debug_str:00000000000004c6 .LASF83
     /tmp/ccXdLenu.s:3146   .debug_str:000000000000054b .LASF84
     /tmp/ccXdLenu.s:3308   .debug_str:0000000000000ab3 .LASF85
     /tmp/ccXdLenu.s:3190   .debug_str:0000000000000693 .LASF86
     /tmp/ccXdLenu.s:3214   .debug_str:0000000000000766 .LASF185
     /tmp/ccXdLenu.s:3072   .debug_str:00000000000002fd .LASF186
     /tmp/ccXdLenu.s:3114   .debug_str:0000000000000477 .LASF87
     /tmp/ccXdLenu.s:3350   .debug_str:0000000000000bb7 .LASF88
     /tmp/ccXdLenu.s:3126   .debug_str:00000000000004be .LASF89
     /tmp/ccXdLenu.s:3178   .debug_str:0000000000000638 .LASF90
     /tmp/ccXdLenu.s:3168   .debug_str:00000000000005eb .LASF91
     /tmp/ccXdLenu.s:3134   .debug_str:00000000000004ef .LASF92
     /tmp/ccXdLenu.s:3358   .debug_str:0000000000000c06 .LASF93
     /tmp/ccXdLenu.s:3204   .debug_str:0000000000000712 .LASF94
     /tmp/ccXdLenu.s:3230   .debug_str:00000000000007e0 .LASF95
     /tmp/ccXdLenu.s:3054   .debug_str:000000000000021e .LASF96
     /tmp/ccXdLenu.s:3194   .debug_str:00000000000006c2 .LASF97
     /tmp/ccXdLenu.s:3014   .debug_str:00000000000000eb .LASF98
     /tmp/ccXdLenu.s:3292   .debug_str:0000000000000a27 .LASF99
     /tmp/ccXdLenu.s:3290   .debug_str:00000000000009fb .LASF100
     /tmp/ccXdLenu.s:3150   .debug_str:0000000000000560 .LASF101
     /tmp/ccXdLenu.s:3304   .debug_str:0000000000000a6c .LASF102
     /tmp/ccXdLenu.s:3296   .debug_str:0000000000000a42 .LASF103
     /tmp/ccXdLenu.s:2996   .debug_str:000000000000004a .LASF104
     /tmp/ccXdLenu.s:3130   .debug_str:00000000000004cb .LASF105
GAS LISTING /tmp/ccXdLenu.s 			page 15


     /tmp/ccXdLenu.s:3088   .debug_str:000000000000037b .LASF106
     /tmp/ccXdLenu.s:3156   .debug_str:0000000000000592 .LASF107
     /tmp/ccXdLenu.s:3332   .debug_str:0000000000000b5b .LASF108
     /tmp/ccXdLenu.s:3218   .debug_str:0000000000000788 .LASF109
     /tmp/ccXdLenu.s:3144   .debug_str:0000000000000544 .LASF110
     /tmp/ccXdLenu.s:3310   .debug_str:0000000000000aca .LASF111
     /tmp/ccXdLenu.s:3140   .debug_str:0000000000000520 .LASF113
     /tmp/ccXdLenu.s:3278   .debug_str:00000000000009b4 .LASF114
     /tmp/ccXdLenu.s:3132   .debug_str:00000000000004d0 .LASF115
     /tmp/ccXdLenu.s:3104   .debug_str:0000000000000420 .LASF117
     /tmp/ccXdLenu.s:3276   .debug_str:00000000000009ad .LASF118
     /tmp/ccXdLenu.s:2980   .debug_str:0000000000000000 .LASF119
     /tmp/ccXdLenu.s:3268   .debug_str:00000000000008cf .LASF120
     /tmp/ccXdLenu.s:3320   .debug_str:0000000000000b12 .LASF121
     /tmp/ccXdLenu.s:3302   .debug_str:0000000000000a5d .LASF187
     /tmp/ccXdLenu.s:3046   .debug_str:00000000000001ec .LASF122
     /tmp/ccXdLenu.s:3272   .debug_str:00000000000008dc .LASF123
     /tmp/ccXdLenu.s:3026   .debug_str:0000000000000159 .LASF124
     /tmp/ccXdLenu.s:3074   .debug_str:0000000000000318 .LASF125
     /tmp/ccXdLenu.s:3082   .debug_str:0000000000000350 .LASF126
     /tmp/ccXdLenu.s:3294   .debug_str:0000000000000a39 .LASF129
     /tmp/ccXdLenu.s:3288   .debug_str:00000000000009e6 .LASF131
     /tmp/ccXdLenu.s:3208   .debug_str:0000000000000744 .LASF127
     /tmp/ccXdLenu.s:3164   .debug_str:00000000000005d1 .LASF128
     /tmp/ccXdLenu.s:3184   .debug_str:000000000000066c .LASF130
     /tmp/ccXdLenu.s:3188   .debug_str:0000000000000680 .LASF132
     /tmp/ccXdLenu.s:3158   .debug_str:00000000000005aa .LASF133
     /tmp/ccXdLenu.s:3110   .debug_str:0000000000000454 .LASF134
     /tmp/ccXdLenu.s:3330   .debug_str:0000000000000b53 .LASF135
     /tmp/ccXdLenu.s:3244   .debug_str:0000000000000846 .LASF136
     /tmp/ccXdLenu.s:3152   .debug_str:0000000000000576 .LASF137
     /tmp/ccXdLenu.s:3056   .debug_str:000000000000023f .LASF138
     /tmp/ccXdLenu.s:3124   .debug_str:00000000000004b6 .LASF139
     /tmp/ccXdLenu.s:3192   .debug_str:00000000000006ae .LASF140
     /tmp/ccXdLenu.s:3354   .debug_str:0000000000000bf0 .LASF141
     /tmp/ccXdLenu.s:3092   .debug_str:0000000000000390 .LASF142
     /tmp/ccXdLenu.s:3340   .debug_str:0000000000000b7d .LASF143
     /tmp/ccXdLenu.s:3224   .debug_str:00000000000007b5 .LASF144
     /tmp/ccXdLenu.s:3226   .debug_str:00000000000007c8 .LASF145
     /tmp/ccXdLenu.s:3012   .debug_str:00000000000000d8 .LASF146
     /tmp/ccXdLenu.s:3034   .debug_str:0000000000000185 .LASF147
     /tmp/ccXdLenu.s:3080   .debug_str:000000000000033e .LASF148
     /tmp/ccXdLenu.s:3090   .debug_str:000000000000038a .LASF149
     /tmp/ccXdLenu.s:3028   .debug_str:0000000000000165 .LASF150
     /tmp/ccXdLenu.s:2988   .debug_str:0000000000000024 .LASF151
     /tmp/ccXdLenu.s:3216   .debug_str:0000000000000770 .LASF152
     /tmp/ccXdLenu.s:3210   .debug_str:000000000000074d .LASF153
     /tmp/ccXdLenu.s:3352   .debug_str:0000000000000bd8 .LASF154
     /tmp/ccXdLenu.s:3322   .debug_str:0000000000000b18 .LASF155
     /tmp/ccXdLenu.s:3016   .debug_str:0000000000000109 .LASF156
     /tmp/ccXdLenu.s:3316   .debug_str:0000000000000af5 .LASF157
     /tmp/ccXdLenu.s:3142   .debug_str:000000000000052e .LASF158
     /tmp/ccXdLenu.s:3328   .debug_str:0000000000000b44 .LASF159
     /tmp/ccXdLenu.s:3066   .debug_str:00000000000002b7 .LASF160
     /tmp/ccXdLenu.s:3052   .debug_str:0000000000000218 .LASF161
     /tmp/ccXdLenu.s:3284   .debug_str:00000000000009d8 .LASF162
     /tmp/ccXdLenu.s:3202   .debug_str:00000000000006fd .LASF164
GAS LISTING /tmp/ccXdLenu.s 			page 16


     /tmp/ccXdLenu.s:3102   .debug_str:00000000000003fe .LASF166
     /tmp/ccXdLenu.s:3122   .debug_str:00000000000004a6 .LASF167
     /tmp/ccXdLenu.s:3180   .debug_str:0000000000000658 .LASF168
     /tmp/ccXdLenu.s:2982   .debug_str:0000000000000006 .LASF169
     /tmp/ccXdLenu.s:120    .text:0000000000000070 .LFB50
     /tmp/ccXdLenu.s:259    .text:000000000000012c .LFE50
     /tmp/ccXdLenu.s:3094   .debug_str:00000000000003a4 .LASF174
     /tmp/ccXdLenu.s:2852   .debug_loc:0000000000000000 .LLST4
     /tmp/ccXdLenu.s:3324   .debug_str:0000000000000b22 .LASF170
     /tmp/ccXdLenu.s:2866   .debug_loc:0000000000000039 .LLST5
     /tmp/ccXdLenu.s:3170   .debug_str:00000000000005f7 .LASF171
     /tmp/ccXdLenu.s:2873   .debug_loc:000000000000005c .LLST6
     /tmp/ccXdLenu.s:2895   .debug_loc:00000000000000bb .LLST7
     /tmp/ccXdLenu.s:137    .text:0000000000000088 .LBB20
     /tmp/ccXdLenu.s:153    .text:0000000000000094 .LBE20
     /tmp/ccXdLenu.s:155    .text:0000000000000094 .LBB22
     /tmp/ccXdLenu.s:167    .text:000000000000009c .LBE22
     /tmp/ccXdLenu.s:2917   .debug_loc:00000000000000fc .LLST8
     /tmp/ccXdLenu.s:233    .text:0000000000000110 .LBB24
     /tmp/ccXdLenu.s:244    .text:0000000000000114 .LBE24
     /tmp/ccXdLenu.s:2925   .debug_loc:0000000000000120 .LLST9
     /tmp/ccXdLenu.s:222    .text:0000000000000100 .LVL19
     /tmp/ccXdLenu.s:3342   .debug_str:0000000000000b84 .LASF172
     /tmp/ccXdLenu.s:3176   .debug_str:0000000000000625 .LASF173
     /tmp/ccXdLenu.s:10     .text:0000000000000000 .LFB49
     /tmp/ccXdLenu.s:114    .text:0000000000000070 .LFE49
     /tmp/ccXdLenu.s:2992   .debug_str:000000000000003d .LASF175
     /tmp/ccXdLenu.s:2932   .debug_loc:0000000000000143 .LLST0
     /tmp/ccXdLenu.s:2943   .debug_loc:0000000000000179 .LLST1
     /tmp/ccXdLenu.s:29     .text:000000000000001c .LBB14
     /tmp/ccXdLenu.s:46     .text:0000000000000028 .LBE14
     /tmp/ccXdLenu.s:48     .text:0000000000000028 .LBB16
     /tmp/ccXdLenu.s:61     .text:0000000000000030 .LBE16
     /tmp/ccXdLenu.s:2950   .debug_loc:000000000000019c .LLST2
     /tmp/ccXdLenu.s:87     .text:0000000000000054 .LBB18
     /tmp/ccXdLenu.s:98     .text:0000000000000058 .LBE18
     /tmp/ccXdLenu.s:2958   .debug_loc:00000000000001c0 .LLST3
     /tmp/ccXdLenu.s:71     .text:0000000000000040 .LVL3
     /tmp/ccXdLenu.s:3312   .debug_str:0000000000000ae7 .LASF176
     /tmp/ccXdLenu.s:3250   .debug_str:0000000000000873 .LASF188
     /tmp/ccXdLenu.s:3138   .debug_str:000000000000051b .LASF189
     /tmp/ccXdLenu.s:123    .text:0000000000000070 .LVL9
     /tmp/ccXdLenu.s:177    .text:00000000000000a0 .LVL12
     /tmp/ccXdLenu.s:151    .text:0000000000000094 .LVL10
     /tmp/ccXdLenu.s:228    .text:0000000000000108 .LVL20
     /tmp/ccXdLenu.s:181    .text:00000000000000a4 .LVL13
     /tmp/ccXdLenu.s:188    .text:00000000000000ac .LVL14
     /tmp/ccXdLenu.s:199    .text:00000000000000d0 .LVL15
     /tmp/ccXdLenu.s:209    .text:00000000000000e4 .LVL17
     /tmp/ccXdLenu.s:214    .text:00000000000000e8 .LVL18
     /tmp/ccXdLenu.s:205    .text:00000000000000dc .LVL16
     /tmp/ccXdLenu.s:164    .text:000000000000009c .LVL11
     /tmp/ccXdLenu.s:232    .text:0000000000000110 .LVL21
     /tmp/ccXdLenu.s:241    .text:0000000000000114 .LVL22
     /tmp/ccXdLenu.s:14     .text:0000000000000000 .LVL0
     /tmp/ccXdLenu.s:57     .text:0000000000000030 .LVL2
     /tmp/ccXdLenu.s:107    .text:0000000000000064 .LVL8
GAS LISTING /tmp/ccXdLenu.s 			page 17


     /tmp/ccXdLenu.s:44     .text:0000000000000028 .LVL1
     /tmp/ccXdLenu.s:82     .text:000000000000004c .LVL5
     /tmp/ccXdLenu.s:86     .text:0000000000000054 .LVL6
     /tmp/ccXdLenu.s:95     .text:0000000000000058 .LVL7
     /tmp/ccXdLenu.s:277    .debug_info:0000000000000000 .Ldebug_info0

UNDEFINED SYMBOLS
_Z4putcc
