GAS LISTING /tmp/ccubivVo.s 			page 1


   1              		.file	"scheduler.cpp"
   2              		.option pic
   3              		.option norelax
   4              		.text
   5              	.Ltext0:
   6              		.align	2
   8              	_Z41__static_initialization_and_destruction_0ii:
   9              	.LFB22:
  10              		.file 1 "src/scheduler.cpp"
   1:src/scheduler.cpp **** //
   2:src/scheduler.cpp **** // Created by marko on 20.4.22..
   3:src/scheduler.cpp **** //
   4:src/scheduler.cpp **** 
   5:src/scheduler.cpp **** #include "../h/scheduler.hpp"
   6:src/scheduler.cpp **** 
   7:src/scheduler.cpp **** List<_thread> Scheduler::readyThreadQueue;
   8:src/scheduler.cpp **** 
   9:src/scheduler.cpp **** _thread *Scheduler::get()
  10:src/scheduler.cpp **** {
  11:src/scheduler.cpp ****     return readyThreadQueue.removeFirst();
  12:src/scheduler.cpp **** }
  13:src/scheduler.cpp **** 
  14:src/scheduler.cpp **** void Scheduler::put(_thread *ccb)
  15:src/scheduler.cpp **** {
  16:src/scheduler.cpp ****     readyThreadQueue.addLast(ccb);
  17:src/scheduler.cpp **** }...
  11              		.loc 1 17 1
  12              		.cfi_startproc
  13              	.LVL0:
  14 0000 130101FF 		addi	sp,sp,-16
  15              		.cfi_def_cfa_offset 16
  16 0004 23348100 		sd	s0,8(sp)
  17              		.cfi_offset 8, -8
  18 0008 13040101 		addi	s0,sp,16
  19              		.cfi_def_cfa 8, 0
  20              		.loc 1 17 1 is_stmt 0
  21 000c 93071000 		li	a5,1
  22 0010 6308F500 		beq	a0,a5,.L4
  23              	.L1:
  24 0014 03348100 		ld	s0,8(sp)
  25              		.cfi_remember_state
  26              		.cfi_restore 8
  27              		.cfi_def_cfa 2, 16
  28 0018 13010101 		addi	sp,sp,16
  29              		.cfi_def_cfa_offset 0
  30 001c 67800000 		jr	ra
  31              	.L4:
  32              		.cfi_restore_state
  33              		.loc 1 17 1 discriminator 1
  34 0020 B7070100 		li	a5,65536
  35 0024 9387F7FF 		addi	a5,a5,-1
  36 0028 E396F5FE 		bne	a1,a5,.L1
  37              	.LVL1:
  38              	.LBB10:
  39              	.LBB11:
  40              	.LBB12:
  41              		.file 2 "src/../h/list.hpp"
GAS LISTING /tmp/ccubivVo.s 			page 2


   1:src/../h/list.hpp **** //
   2:src/../h/list.hpp **** // Created by marko on 20.4.22..
   3:src/../h/list.hpp **** //
   4:src/../h/list.hpp **** 
   5:src/../h/list.hpp **** #ifndef OS1_VEZBE07_RISCV_CONTEXT_SWITCH_2_INTERRUPT_LIST_HPP
   6:src/../h/list.hpp **** #define OS1_VEZBE07_RISCV_CONTEXT_SWITCH_2_INTERRUPT_LIST_HPP
   7:src/../h/list.hpp **** 
   8:src/../h/list.hpp **** //#include "riscv.hpp"
   9:src/../h/list.hpp **** 
  10:src/../h/list.hpp **** //class Scheduler;
  11:src/../h/list.hpp **** template<typename T>
  12:src/../h/list.hpp **** class List
  13:src/../h/list.hpp **** {
  14:src/../h/list.hpp **** private:
  15:src/../h/list.hpp ****     struct Elem
  16:src/../h/list.hpp ****     {
  17:src/../h/list.hpp ****         T *data;
  18:src/../h/list.hpp ****         Elem *next;
  19:src/../h/list.hpp ****         int sleepTime;
  20:src/../h/list.hpp ****         Elem(T *data, Elem *next, int sleepTime = 0) : data(data), next(next), sleepTime(sleepTime)
  21:src/../h/list.hpp ****         Elem(T *data) : data(data), next(nullptr), sleepTime(0) {}
  22:src/../h/list.hpp ****     };
  23:src/../h/list.hpp **** 
  24:src/../h/list.hpp ****     Elem *head, *tail;
  25:src/../h/list.hpp **** 
  26:src/../h/list.hpp **** public:
  27:src/../h/list.hpp ****     List() : head(0), tail(0) {}
  42              		.loc 2 27 29
  43 002c 97070000 		lla	a5,.LANCHOR0
  43      93870700 
  44 0034 23B00700 		sd	zero,0(a5)
  45 0038 23B40700 		sd	zero,8(a5)
  46              	.LVL2:
  47              	.LBE12:
  48              	.LBE11:
  49              	.LBE10:
  50              		.loc 1 17 1
  51 003c 6FF09FFD 		j	.L1
  52              		.cfi_endproc
  53              	.LFE22:
  55              		.align	2
  56              		.globl	_ZN9Scheduler3getEv
  58              	_ZN9Scheduler3getEv:
  59              	.LFB12:
  10:src/scheduler.cpp **** {
  60              		.loc 1 10 1 is_stmt 1
  61              		.cfi_startproc
  62 0040 130101FE 		addi	sp,sp,-32
  63              		.cfi_def_cfa_offset 32
  64 0044 233C1100 		sd	ra,24(sp)
  65 0048 23388100 		sd	s0,16(sp)
  66 004c 23349100 		sd	s1,8(sp)
  67              		.cfi_offset 1, -8
  68              		.cfi_offset 8, -16
  69              		.cfi_offset 9, -24
  70 0050 13040102 		addi	s0,sp,32
  71              		.cfi_def_cfa 8, 0
GAS LISTING /tmp/ccubivVo.s 			page 3


  11:src/scheduler.cpp ****     return readyThreadQueue.removeFirst();
  72              		.loc 1 11 5
  73              	.LVL3:
  74              	.LBB13:
  75              	.LBB14:
  28:src/../h/list.hpp **** 
  29:src/../h/list.hpp ****     List(const List<T> &) = delete;
  30:src/../h/list.hpp **** 
  31:src/../h/list.hpp ****     List<T> &operator=(const List<T> &) = delete;
  32:src/../h/list.hpp **** 
  33:src/../h/list.hpp ****     void addFirst(T *data)
  34:src/../h/list.hpp ****     {
  35:src/../h/list.hpp ****         Elem *elem = new Elem(data, head);
  36:src/../h/list.hpp ****         head = elem;
  37:src/../h/list.hpp ****         if (!tail) { tail = head; }
  38:src/../h/list.hpp ****     }
  39:src/../h/list.hpp **** 
  40:src/../h/list.hpp ****     void addLast(T *data)
  41:src/../h/list.hpp ****     {
  42:src/../h/list.hpp ****         Elem *elem = new Elem(data, 0);
  43:src/../h/list.hpp ****         if (tail)
  44:src/../h/list.hpp ****         {
  45:src/../h/list.hpp ****             tail->next = elem;
  46:src/../h/list.hpp ****             tail = elem;
  47:src/../h/list.hpp ****         } else
  48:src/../h/list.hpp ****         {
  49:src/../h/list.hpp ****             head = tail = elem;
  50:src/../h/list.hpp ****         }
  51:src/../h/list.hpp ****     }
  52:src/../h/list.hpp **** 
  53:src/../h/list.hpp ****     T *removeFirst()
  54:src/../h/list.hpp ****     {
  55:src/../h/list.hpp ****         if (!head) { return 0; }
  76              		.loc 2 55 14 is_stmt 0
  77 0054 17050000 		ld	a0,.LANCHOR0
  77      03350500 
  78              		.loc 2 55 9
  79 005c 63020504 		beqz	a0,.L8
  80              	.LVL4:
  56:src/../h/list.hpp **** 
  57:src/../h/list.hpp ****         Elem *elem = head;
  58:src/../h/list.hpp ****         head = head->next;
  81              		.loc 2 58 22
  82 0060 83378500 		ld	a5,8(a0)
  83              		.loc 2 58 9
  84 0064 17070000 		sd	a5,.LANCHOR0,a4
  84      2330F700 
  59:src/../h/list.hpp ****         if (!head) { tail = 0; }
  85              		.loc 2 59 9
  86 006c 63840702 		beqz	a5,.L10
  87              	.L7:
  60:src/../h/list.hpp **** 
  61:src/../h/list.hpp ****         T *ret = elem->data;
  88              		.loc 2 61 12
  89 0070 83340500 		ld	s1,0(a0)
  90              	.LVL5:
  62:src/../h/list.hpp ****         delete elem;
GAS LISTING /tmp/ccubivVo.s 			page 4


  91              		.loc 2 62 9
  92 0074 97000000 		call	_ZdlPv@plt
  92      E7800000 
  93              	.LVL6:
  94              	.L5:
  95              	.LBE14:
  96              	.LBE13:
  12:src/scheduler.cpp **** }
  97              		.loc 1 12 1
  98 007c 13850400 		mv	a0,s1
  99 0080 83308101 		ld	ra,24(sp)
 100              		.cfi_remember_state
 101              		.cfi_restore 1
 102 0084 03340101 		ld	s0,16(sp)
 103              		.cfi_restore 8
 104              		.cfi_def_cfa 2, 32
 105 0088 83348100 		ld	s1,8(sp)
 106              		.cfi_restore 9
 107 008c 13010102 		addi	sp,sp,32
 108              		.cfi_def_cfa_offset 0
 109 0090 67800000 		jr	ra
 110              	.LVL7:
 111              	.L10:
 112              		.cfi_restore_state
 113              	.LBB16:
 114              	.LBB15:
  59:src/../h/list.hpp **** 
 115              		.loc 2 59 22
 116 0094 97070000 		sd	zero,.LANCHOR0+8,a5
 116      23B00700 
 117 009c 6FF05FFD 		j	.L7
 118              	.LVL8:
 119              	.L8:
  55:src/../h/list.hpp **** 
 120              		.loc 2 55 29
 121 00a0 93040500 		mv	s1,a0
 122              	.LVL9:
 123              	.LBE15:
 124              	.LBE16:
  11:src/scheduler.cpp ****     return readyThreadQueue.removeFirst();
 125              		.loc 1 11 41
 126 00a4 6FF09FFD 		j	.L5
 127              		.cfi_endproc
 128              	.LFE12:
 130              		.align	2
 131              		.globl	_ZN9Scheduler3putEP7_thread
 133              	_ZN9Scheduler3putEP7_thread:
 134              	.LFB13:
  15:src/scheduler.cpp **** {
 135              		.loc 1 15 1 is_stmt 1
 136              		.cfi_startproc
 137              	.LVL10:
 138 00a8 130101FE 		addi	sp,sp,-32
 139              		.cfi_def_cfa_offset 32
 140 00ac 233C1100 		sd	ra,24(sp)
 141 00b0 23388100 		sd	s0,16(sp)
 142 00b4 23349100 		sd	s1,8(sp)
GAS LISTING /tmp/ccubivVo.s 			page 5


 143              		.cfi_offset 1, -8
 144              		.cfi_offset 8, -16
 145              		.cfi_offset 9, -24
 146 00b8 13040102 		addi	s0,sp,32
 147              		.cfi_def_cfa 8, 0
 148 00bc 93040500 		mv	s1,a0
  16:src/scheduler.cpp ****     readyThreadQueue.addLast(ccb);
 149              		.loc 1 16 5
 150              	.LVL11:
 151              	.LBB22:
 152              	.LBB23:
  42:src/../h/list.hpp ****         if (tail)
 153              		.loc 2 42 22 is_stmt 0
 154 00c0 13058001 		li	a0,24
 155              	.LVL12:
 156 00c4 97000000 		call	_Znwm@plt
 156      E7800000 
 157              	.LVL13:
 158              	.LBB24:
 159              	.LBB25:
  20:src/../h/list.hpp ****         Elem(T *data) : data(data), next(nullptr), sleepTime(0) {}
 160              		.loc 2 20 99
 161 00cc 23309500 		sd	s1,0(a0)
 162 00d0 23340500 		sd	zero,8(a0)
 163 00d4 23280500 		sw	zero,16(a0)
 164              	.LVL14:
 165              	.LBE25:
 166              	.LBE24:
  43:src/../h/list.hpp ****         {
 167              		.loc 2 43 13
 168 00d8 97070000 		ld	a5,.LANCHOR0+8
 168      83B70700 
  43:src/../h/list.hpp ****         {
 169              		.loc 2 43 9
 170 00e0 63820702 		beqz	a5,.L12
  45:src/../h/list.hpp ****             tail = elem;
 171              		.loc 2 45 13
 172 00e4 23B4A700 		sd	a0,8(a5)
  46:src/../h/list.hpp ****         } else
 173              		.loc 2 46 13
 174 00e8 97070000 		sd	a0,.LANCHOR0+8,a5
 174      23B0A700 
 175              	.LVL15:
 176              	.L11:
 177              	.LBE23:
 178              	.LBE22:
 179              		.loc 1 17 1
 180 00f0 83308101 		ld	ra,24(sp)
 181              		.cfi_remember_state
 182              		.cfi_restore 1
 183 00f4 03340101 		ld	s0,16(sp)
 184              		.cfi_restore 8
 185              		.cfi_def_cfa 2, 32
 186 00f8 83348100 		ld	s1,8(sp)
 187              		.cfi_restore 9
 188              	.LVL16:
 189 00fc 13010102 		addi	sp,sp,32
GAS LISTING /tmp/ccubivVo.s 			page 6


 190              		.cfi_def_cfa_offset 0
 191 0100 67800000 		jr	ra
 192              	.LVL17:
 193              	.L12:
 194              		.cfi_restore_state
 195              	.LBB27:
 196              	.LBB26:
  49:src/../h/list.hpp ****         }
 197              		.loc 2 49 13
 198 0104 97070000 		lla	a5,.LANCHOR0
 198      93870700 
 199 010c 23B4A700 		sd	a0,8(a5)
 200 0110 23B0A700 		sd	a0,0(a5)
 201              	.LVL18:
 202              	.LBE26:
 203              	.LBE27:
 204              		.loc 1 17 1
 205 0114 6FF0DFFD 		j	.L11
 206              		.cfi_endproc
 207              	.LFE13:
 209              		.align	2
 211              	_GLOBAL__sub_I__ZN9Scheduler16readyThreadQueueE:
 212              	.LFB23:
 213              		.loc 1 17 1 is_stmt 1
 214              		.cfi_startproc
 215 0118 130101FF 		addi	sp,sp,-16
 216              		.cfi_def_cfa_offset 16
 217 011c 23341100 		sd	ra,8(sp)
 218 0120 23308100 		sd	s0,0(sp)
 219              		.cfi_offset 1, -8
 220              		.cfi_offset 8, -16
 221 0124 13040101 		addi	s0,sp,16
 222              		.cfi_def_cfa 8, 0
 223              		.loc 1 17 1 is_stmt 0
 224 0128 B7050100 		li	a1,65536
 225 012c 9385F5FF 		addi	a1,a1,-1
 226 0130 13051000 		li	a0,1
 227 0134 97000000 		call	_Z41__static_initialization_and_destruction_0ii
 227      E7800000 
 228              	.LVL19:
 229 013c 83308100 		ld	ra,8(sp)
 230              		.cfi_restore 1
 231 0140 03340100 		ld	s0,0(sp)
 232              		.cfi_restore 8
 233              		.cfi_def_cfa 2, 16
 234 0144 13010101 		addi	sp,sp,16
 235              		.cfi_def_cfa_offset 0
 236 0148 67800000 		jr	ra
 237              		.cfi_endproc
 238              	.LFE23:
 240              		.section	.init_array,"aw"
 241              		.align	3
 242 0000 00000000 		.dword	_GLOBAL__sub_I__ZN9Scheduler16readyThreadQueueE
 242      00000000 
 243              		.globl	_ZN9Scheduler16readyThreadQueueE
 244              		.bss
 245              		.align	3
GAS LISTING /tmp/ccubivVo.s 			page 7


 246              		.set	.LANCHOR0,. + 0
 249              	_ZN9Scheduler16readyThreadQueueE:
 250 0000 00000000 		.zero	16
 250      00000000 
 250      00000000 
 250      00000000 
 251              		.text
 252              	.Letext0:
 253              		.file 3 "src/../h/scheduler.hpp"
GAS LISTING /tmp/ccubivVo.s 			page 8


DEFINED SYMBOLS
                            *ABS*:0000000000000000 scheduler.cpp
     /tmp/ccubivVo.s:8      .text:0000000000000000 _Z41__static_initialization_and_destruction_0ii
     /tmp/ccubivVo.s:12     .text:0000000000000000 .L0 
     /tmp/ccubivVo.s:14     .text:0000000000000000 .L0 
     /tmp/ccubivVo.s:15     .text:0000000000000004 .L0 
     /tmp/ccubivVo.s:17     .text:0000000000000008 .L0 
     /tmp/ccubivVo.s:19     .text:000000000000000c .L0 
     /tmp/ccubivVo.s:21     .text:000000000000000c .L0 
     /tmp/ccubivVo.s:25     .text:0000000000000018 .L0 
     /tmp/ccubivVo.s:26     .text:0000000000000018 .L0 
     /tmp/ccubivVo.s:27     .text:0000000000000018 .L0 
     /tmp/ccubivVo.s:29     .text:000000000000001c .L0 
     /tmp/ccubivVo.s:32     .text:0000000000000020 .L0 
     /tmp/ccubivVo.s:34     .text:0000000000000020 .L0 
     /tmp/ccubivVo.s:43     .text:000000000000002c .L0 
     /tmp/ccubivVo.s:51     .text:000000000000003c .L0 
     /tmp/ccubivVo.s:52     .text:0000000000000040 .L0 
     /tmp/ccubivVo.s:58     .text:0000000000000040 _ZN9Scheduler3getEv
     /tmp/ccubivVo.s:61     .text:0000000000000040 .L0 
     /tmp/ccubivVo.s:62     .text:0000000000000040 .L0 
     /tmp/ccubivVo.s:63     .text:0000000000000044 .L0 
     /tmp/ccubivVo.s:67     .text:0000000000000050 .L0 
     /tmp/ccubivVo.s:68     .text:0000000000000050 .L0 
     /tmp/ccubivVo.s:69     .text:0000000000000050 .L0 
     /tmp/ccubivVo.s:71     .text:0000000000000054 .L0 
     /tmp/ccubivVo.s:76     .text:0000000000000054 .L0 
     /tmp/ccubivVo.s:77     .text:0000000000000054 .L0 
     /tmp/ccubivVo.s:79     .text:000000000000005c .L0 
     /tmp/ccubivVo.s:82     .text:0000000000000060 .L0 
     /tmp/ccubivVo.s:84     .text:0000000000000064 .L0 
     /tmp/ccubivVo.s:86     .text:000000000000006c .L0 
     /tmp/ccubivVo.s:89     .text:0000000000000070 .L0 
     /tmp/ccubivVo.s:92     .text:0000000000000074 .L0 
     /tmp/ccubivVo.s:98     .text:000000000000007c .L0 
     /tmp/ccubivVo.s:100    .text:0000000000000084 .L0 
     /tmp/ccubivVo.s:101    .text:0000000000000084 .L0 
     /tmp/ccubivVo.s:103    .text:0000000000000088 .L0 
     /tmp/ccubivVo.s:104    .text:0000000000000088 .L0 
     /tmp/ccubivVo.s:106    .text:000000000000008c .L0 
     /tmp/ccubivVo.s:108    .text:0000000000000090 .L0 
     /tmp/ccubivVo.s:112    .text:0000000000000094 .L0 
     /tmp/ccubivVo.s:116    .text:0000000000000094 .L0 
     /tmp/ccubivVo.s:121    .text:00000000000000a0 .L0 
     /tmp/ccubivVo.s:126    .text:00000000000000a4 .L0 
     /tmp/ccubivVo.s:127    .text:00000000000000a8 .L0 
     /tmp/ccubivVo.s:133    .text:00000000000000a8 _ZN9Scheduler3putEP7_thread
     /tmp/ccubivVo.s:136    .text:00000000000000a8 .L0 
     /tmp/ccubivVo.s:138    .text:00000000000000a8 .L0 
     /tmp/ccubivVo.s:139    .text:00000000000000ac .L0 
     /tmp/ccubivVo.s:143    .text:00000000000000b8 .L0 
     /tmp/ccubivVo.s:144    .text:00000000000000b8 .L0 
     /tmp/ccubivVo.s:145    .text:00000000000000b8 .L0 
     /tmp/ccubivVo.s:147    .text:00000000000000bc .L0 
     /tmp/ccubivVo.s:153    .text:00000000000000c0 .L0 
     /tmp/ccubivVo.s:154    .text:00000000000000c0 .L0 
     /tmp/ccubivVo.s:161    .text:00000000000000cc .L0 
GAS LISTING /tmp/ccubivVo.s 			page 9


     /tmp/ccubivVo.s:168    .text:00000000000000d8 .L0 
     /tmp/ccubivVo.s:170    .text:00000000000000e0 .L0 
     /tmp/ccubivVo.s:172    .text:00000000000000e4 .L0 
     /tmp/ccubivVo.s:174    .text:00000000000000e8 .L0 
     /tmp/ccubivVo.s:180    .text:00000000000000f0 .L0 
     /tmp/ccubivVo.s:181    .text:00000000000000f4 .L0 
     /tmp/ccubivVo.s:182    .text:00000000000000f4 .L0 
     /tmp/ccubivVo.s:184    .text:00000000000000f8 .L0 
     /tmp/ccubivVo.s:185    .text:00000000000000f8 .L0 
     /tmp/ccubivVo.s:187    .text:00000000000000fc .L0 
     /tmp/ccubivVo.s:190    .text:0000000000000100 .L0 
     /tmp/ccubivVo.s:194    .text:0000000000000104 .L0 
     /tmp/ccubivVo.s:198    .text:0000000000000104 .L0 
     /tmp/ccubivVo.s:205    .text:0000000000000114 .L0 
     /tmp/ccubivVo.s:206    .text:0000000000000118 .L0 
     /tmp/ccubivVo.s:211    .text:0000000000000118 _GLOBAL__sub_I__ZN9Scheduler16readyThreadQueueE
     /tmp/ccubivVo.s:214    .text:0000000000000118 .L0 
     /tmp/ccubivVo.s:215    .text:0000000000000118 .L0 
     /tmp/ccubivVo.s:216    .text:000000000000011c .L0 
     /tmp/ccubivVo.s:219    .text:0000000000000124 .L0 
     /tmp/ccubivVo.s:220    .text:0000000000000124 .L0 
     /tmp/ccubivVo.s:222    .text:0000000000000128 .L0 
     /tmp/ccubivVo.s:224    .text:0000000000000128 .L0 
     /tmp/ccubivVo.s:230    .text:0000000000000140 .L0 
     /tmp/ccubivVo.s:232    .text:0000000000000144 .L0 
     /tmp/ccubivVo.s:233    .text:0000000000000144 .L0 
     /tmp/ccubivVo.s:235    .text:0000000000000148 .L0 
     /tmp/ccubivVo.s:237    .text:000000000000014c .L0 
     /tmp/ccubivVo.s:249    .bss:0000000000000000 _ZN9Scheduler16readyThreadQueueE
     /tmp/ccubivVo.s:246    .bss:0000000000000000 .LANCHOR0
     /tmp/ccubivVo.s:254    .text:000000000000014c .L0 
     /tmp/ccubivVo.s:43     .text:000000000000002c .L0 
     /tmp/ccubivVo.s:77     .text:0000000000000054 .L0 
     /tmp/ccubivVo.s:84     .text:0000000000000064 .L0 
     /tmp/ccubivVo.s:116    .text:0000000000000094 .L0 
     /tmp/ccubivVo.s:168    .text:00000000000000d8 .L0 
     /tmp/ccubivVo.s:174    .text:00000000000000e8 .L0 
     /tmp/ccubivVo.s:198    .text:0000000000000104 .L0 
     /tmp/ccubivVo.s:31     .text:0000000000000020 .L4
     /tmp/ccubivVo.s:23     .text:0000000000000014 .L1
     /tmp/ccubivVo.s:119    .text:00000000000000a0 .L8
     /tmp/ccubivVo.s:111    .text:0000000000000094 .L10
     /tmp/ccubivVo.s:87     .text:0000000000000070 .L7
     /tmp/ccubivVo.s:94     .text:000000000000007c .L5
     /tmp/ccubivVo.s:193    .text:0000000000000104 .L12
     /tmp/ccubivVo.s:176    .text:00000000000000f0 .L11
     /tmp/ccubivVo.s:849    .debug_abbrev:0000000000000000 .Ldebug_abbrev0
     /tmp/ccubivVo.s:1712   .debug_str:0000000000000208 .LASF41
     /tmp/ccubivVo.s:1696   .debug_str:0000000000000124 .LASF42
     /tmp/ccubivVo.s:1746   .debug_str:00000000000003e0 .LASF43
     /tmp/ccubivVo.s:5      .text:0000000000000000 .Ltext0
     /tmp/ccubivVo.s:252    .text:000000000000014c .Letext0
     /tmp/ccubivVo.s:1660   .debug_line:0000000000000000 .Ldebug_line0
     /tmp/ccubivVo.s:1684   .debug_str:00000000000000ca .LASF0
     /tmp/ccubivVo.s:1734   .debug_str:0000000000000359 .LASF44
     /tmp/ccubivVo.s:1666   .debug_str:0000000000000024 .LASF45
     /tmp/ccubivVo.s:1698   .debug_str:0000000000000136 .LASF46
GAS LISTING /tmp/ccubivVo.s 			page 10


     /tmp/ccubivVo.s:1722   .debug_str:0000000000000311 .LASF1
     /tmp/ccubivVo.s:1744   .debug_str:00000000000003db .LASF5
     /tmp/ccubivVo.s:1688   .debug_str:00000000000000ef .LASF2
     /tmp/ccubivVo.s:1664   .debug_str:000000000000001f .LASF3
     /tmp/ccubivVo.s:1736   .debug_str:000000000000036a .LASF4
     /tmp/ccubivVo.s:1758   .debug_str:000000000000044b .LASF47
     /tmp/ccubivVo.s:1662   .debug_str:0000000000000000 .LASF48
     /tmp/ccubivVo.s:1718   .debug_str:0000000000000301 .LASF6
     /tmp/ccubivVo.s:1756   .debug_str:0000000000000446 .LASF7
     /tmp/ccubivVo.s:1726   .debug_str:0000000000000328 .LASF8
     /tmp/ccubivVo.s:1750   .debug_str:0000000000000420 .LASF10
     /tmp/ccubivVo.s:1686   .debug_str:00000000000000d4 .LASF15
     /tmp/ccubivVo.s:1762   .debug_str:000000000000048d .LASF49
     /tmp/ccubivVo.s:1680   .debug_str:00000000000000a2 .LASF50
     /tmp/ccubivVo.s:1724   .debug_str:000000000000031f .LASF9
     /tmp/ccubivVo.s:1672   .debug_str:0000000000000061 .LASF11
     /tmp/ccubivVo.s:1670   .debug_str:0000000000000059 .LASF12
     /tmp/ccubivVo.s:1702   .debug_str:0000000000000168 .LASF13
     /tmp/ccubivVo.s:1674   .debug_str:0000000000000082 .LASF14
     /tmp/ccubivVo.s:1748   .debug_str:00000000000003fe .LASF16
     /tmp/ccubivVo.s:1690   .debug_str:00000000000000f4 .LASF17
     /tmp/ccubivVo.s:1704   .debug_str:0000000000000188 .LASF18
     /tmp/ccubivVo.s:1676   .debug_str:000000000000008e .LASF19
     /tmp/ccubivVo.s:1692   .debug_str:00000000000000fe .LASF20
     /tmp/ccubivVo.s:1678   .debug_str:0000000000000099 .LASF21
     /tmp/ccubivVo.s:1760   .debug_str:000000000000046f .LASF22
     /tmp/ccubivVo.s:1706   .debug_str:00000000000001a7 .LASF23
     /tmp/ccubivVo.s:1742   .debug_str:00000000000003af .LASF24
     /tmp/ccubivVo.s:1700   .debug_str:0000000000000152 .LASF25
     /tmp/ccubivVo.s:1710   .debug_str:00000000000001dc .LASF26
     /tmp/ccubivVo.s:1682   .debug_str:00000000000000bd .LASF27
     /tmp/ccubivVo.s:1708   .debug_str:00000000000001b9 .LASF28
     /tmp/ccubivVo.s:1754   .debug_str:000000000000043e .LASF51
     /tmp/ccubivVo.s:1668   .debug_str:0000000000000038 .LASF52
     /tmp/ccubivVo.s:1716   .debug_str:00000000000002d1 .LASF29
     /tmp/ccubivVo.s:212    .text:0000000000000118 .LFB23
     /tmp/ccubivVo.s:238    .text:000000000000014c .LFE23
     /tmp/ccubivVo.s:228    .text:000000000000013c .LVL19
     /tmp/ccubivVo.s:1766   .debug_str:000000000000049d .LASF30
     /tmp/ccubivVo.s:9      .text:0000000000000000 .LFB22
     /tmp/ccubivVo.s:53     .text:0000000000000040 .LFE22
     /tmp/ccubivVo.s:1730   .debug_str:000000000000033d .LASF31
     /tmp/ccubivVo.s:1720   .debug_str:0000000000000306 .LASF32
     /tmp/ccubivVo.s:38     .text:000000000000002c .LBB10
     /tmp/ccubivVo.s:49     .text:000000000000003c .LBE10
     /tmp/ccubivVo.s:1517   .debug_loc:0000000000000000 .LLST0
     /tmp/ccubivVo.s:1694   .debug_str:000000000000011f .LASF33
     /tmp/ccubivVo.s:1738   .debug_str:0000000000000374 .LASF35
     /tmp/ccubivVo.s:1714   .debug_str:00000000000002cc .LASF34
     /tmp/ccubivVo.s:1740   .debug_str:0000000000000398 .LASF36
     /tmp/ccubivVo.s:134    .text:00000000000000a8 .LFB13
     /tmp/ccubivVo.s:207    .text:0000000000000118 .LFE13
     /tmp/ccubivVo.s:1526   .debug_loc:000000000000002c .LLST4
     /tmp/ccubivVo.s:151    .text:00000000000000c0 .LBB22
     /tmp/ccubivVo.s:1646   .debug_ranges:0000000000000000 .Ldebug_ranges0
     /tmp/ccubivVo.s:1548   .debug_loc:000000000000008b .LLST5
     /tmp/ccubivVo.s:1563   .debug_loc:00000000000000d4 .LLST6
GAS LISTING /tmp/ccubivVo.s 			page 11


     /tmp/ccubivVo.s:158    .text:00000000000000cc .LBB24
     /tmp/ccubivVo.s:166    .text:00000000000000d8 .LBE24
     /tmp/ccubivVo.s:1578   .debug_loc:000000000000011c .LLST7
     /tmp/ccubivVo.s:1586   .debug_loc:0000000000000140 .LLST9
     /tmp/ccubivVo.s:1593   .debug_loc:0000000000000163 .LLST10
     /tmp/ccubivVo.s:157    .text:00000000000000cc .LVL13
     /tmp/ccubivVo.s:59     .text:0000000000000040 .LFB12
     /tmp/ccubivVo.s:128    .text:00000000000000a8 .LFE12
     /tmp/ccubivVo.s:74     .text:0000000000000054 .LBB13
     /tmp/ccubivVo.s:1600   .debug_loc:0000000000000186 .LLST1
     /tmp/ccubivVo.s:1615   .debug_loc:00000000000001ce .LLST2
     /tmp/ccubivVo.s:1626   .debug_loc:0000000000000204 .LLST3
     /tmp/ccubivVo.s:93     .text:000000000000007c .LVL6
     /tmp/ccubivVo.s:1764   .debug_str:0000000000000497 .LASF37
     /tmp/ccubivVo.s:1732   .debug_str:000000000000034c .LASF39
     /tmp/ccubivVo.s:1752   .debug_str:0000000000000437 .LASF38
     /tmp/ccubivVo.s:1728   .debug_str:000000000000032d .LASF40
     /tmp/ccubivVo.s:37     .text:000000000000002c .LVL1
     /tmp/ccubivVo.s:46     .text:000000000000003c .LVL2
     /tmp/ccubivVo.s:137    .text:00000000000000a8 .LVL10
     /tmp/ccubivVo.s:155    .text:00000000000000c4 .LVL12
     /tmp/ccubivVo.s:188    .text:00000000000000fc .LVL16
     /tmp/ccubivVo.s:192    .text:0000000000000104 .LVL17
     /tmp/ccubivVo.s:150    .text:00000000000000c0 .LVL11
     /tmp/ccubivVo.s:175    .text:00000000000000f0 .LVL15
     /tmp/ccubivVo.s:201    .text:0000000000000114 .LVL18
     /tmp/ccubivVo.s:164    .text:00000000000000d8 .LVL14
     /tmp/ccubivVo.s:73     .text:0000000000000054 .LVL3
     /tmp/ccubivVo.s:110    .text:0000000000000094 .LVL7
     /tmp/ccubivVo.s:122    .text:00000000000000a4 .LVL9
     /tmp/ccubivVo.s:80     .text:0000000000000060 .LVL4
     /tmp/ccubivVo.s:118    .text:00000000000000a0 .LVL8
     /tmp/ccubivVo.s:90     .text:0000000000000074 .LVL5
     /tmp/ccubivVo.s:255    .debug_info:0000000000000000 .Ldebug_info0
     /tmp/ccubivVo.s:96     .text:000000000000007c .LBE13
     /tmp/ccubivVo.s:113    .text:0000000000000094 .LBB16
     /tmp/ccubivVo.s:124    .text:00000000000000a4 .LBE16
     /tmp/ccubivVo.s:178    .text:00000000000000f0 .LBE22
     /tmp/ccubivVo.s:195    .text:0000000000000104 .LBB27
     /tmp/ccubivVo.s:203    .text:0000000000000114 .LBE27

UNDEFINED SYMBOLS
_ZdlPv
_Znwm
